Log started 06/19/2018 at 22:37:21
Preferred installation mode : gtk
Trying to init installer in mode xwindow
Mode xwindow successfully initialized
Preparing to Install
Preparing to Install
Directory already exists: /home/yellow/ti/ti-cgt-c6000_8.1.3
Unpacking files
Directory already exists: /home/yellow/ti/ti-cgt-c6000_8.1.3
Directory already exists: /home/yellow/ti/ti-cgt-c6000_8.1.3/lib
Directory already exists: /home/yellow/ti/ti-cgt-c6000_8.1.3/lib/src
Directory already exists: /home/yellow/ti/ti-cgt-c6000_8.1.3/include
Directory already exists: /home/yellow/ti/ti-cgt-c6000_8.1.3/doc
Directory already exists: /home/yellow/ti/ti-cgt-c6000_8.1.3/bin
Directory already exists: /home/yellow/ti/ti-cgt-c6000_8.1.3/man
Directory already exists: /home/yellow/ti/ti-cgt-c6000_8.1.3/man/man1
Unpacking files
Unpacking /home/yellow/ti/ti-cgt-c6000_8.1.3/misra.txt
Unpacking /home/yellow/ti/ti-cgt-c6000_8.1.3/Closed_defects.html
Unpacking /home/yellow/ti/ti-cgt-c6000_8.1.3/README.txt
Unpacking /home/yellow/ti/ti-cgt-c6000_8.1.3/Open_defects.html
Unpacking /home/yellow/ti/ti-cgt-c6000_8.1.3/C6000_8.1.x_CodeGenerationTools_Manifest.htm
Unpacking /home/yellow/ti/ti-cgt-c6000_8.1.3/ti-cgt-c6x-8.1-03FE4EE4-96AE-4ada-B846-7A1342B73BD3.spdx
Unpacking /home/yellow/ti/ti-cgt-c6000_8.1.3/lib/rts6600_elf_mt.lib
Unpacking /home/yellow/ti/ti-cgt-c6000_8.1.3/lib/rts6740e_elf.lib
Unpacking /home/yellow/ti/ti-cgt-c6000_8.1.3/lib/mklib.c
Unpacking /home/yellow/ti/ti-cgt-c6000_8.1.3/lib/rts6600_elf.lib
Unpacking /home/yellow/ti/ti-cgt-c6000_8.1.3/lib/lnk.cmd
Unpacking /home/yellow/ti/ti-cgt-c6000_8.1.3/lib/rts6740_elf.lib
Unpacking /home/yellow/ti/ti-cgt-c6000_8.1.3/lib/libc.a
Unpacking /home/yellow/ti/ti-cgt-c6000_8.1.3/lib/RTS_8_1_3_Manifest.pdf
Unpacking /home/yellow/ti/ti-cgt-c6000_8.1.3/lib/rts64plus_elf.lib
Unpacking /home/yellow/ti/ti-cgt-c6000_8.1.3/lib/rts64pluse_elf.lib
Unpacking /home/yellow/ti/ti-cgt-c6000_8.1.3/lib/rts6600e_elf_mt.lib
Unpacking /home/yellow/ti/ti-cgt-c6000_8.1.3/lib/rts6600e_elf.lib
Unpacking /home/yellow/ti/ti-cgt-c6000_8.1.3/lib/mklib
Unpacking /home/yellow/ti/ti-cgt-c6000_8.1.3/lib/src/divf.c
Unpacking /home/yellow/ti/ti-cgt-c6000_8.1.3/lib/src/s_log1pf.c
Unpacking /home/yellow/ti/ti-cgt-c6000_8.1.3/lib/src/weak_return.c
Unpacking /home/yellow/ti/ti-cgt-c6000_8.1.3/lib/src/s__alloc.c
Unpacking /home/yellow/ti/ti-cgt-c6000_8.1.3/lib/src/gef.c
Unpacking /home/yellow/ti/ti-cgt-c6000_8.1.3/lib/src/cvtdf.c
Unpacking /home/yellow/ti/ti-cgt-c6000_8.1.3/lib/src/fopen.c
Unpacking /home/yellow/ti/ti-cgt-c6000_8.1.3/lib/src/complex
Unpacking /home/yellow/ti/ti-cgt-c6000_8.1.3/lib/src/s_p__set.h
Unpacking /home/yellow/ti/ti-cgt-c6000_8.1.3/lib/src/ispunct.c
Unpacking /home/yellow/ti/ti-cgt-c6000_8.1.3/lib/src/locale
Unpacking /home/yellow/ti/ti-cgt-c6000_8.1.3/lib/src/coth.c
Unpacking /home/yellow/ti/ti-cgt-c6000_8.1.3/lib/src/s__rope.h
Unpacking /home/yellow/ti/ti-cgt-c6000_8.1.3/lib/src/addd.c
Unpacking /home/yellow/ti/ti-cgt-c6000_8.1.3/lib/src/strtoull.c
Unpacking /home/yellow/ti/ti-cgt-c6000_8.1.3/lib/src/s__monetary.h
Unpacking /home/yellow/ti/ti-cgt-c6000_8.1.3/lib/src/vla_alloc.cpp
Unpacking /home/yellow/ti/ti-cgt-c6000_8.1.3/lib/src/isupper.c
Unpacking /home/yellow/ti/ti-cgt-c6000_8.1.3/lib/src/s_ccosh.c
Unpacking /home/yellow/ti/ti-cgt-c6000_8.1.3/lib/src/s__ios.c
Unpacking /home/yellow/ti/ti-cgt-c6000_8.1.3/lib/src/strchr.c
Unpacking /home/yellow/ti/ti-cgt-c6000_8.1.3/lib/src/snprintf.c
Unpacking /home/yellow/ti/ti-cgt-c6000_8.1.3/lib/src/global.h
Unpacking /home/yellow/ti/ti-cgt-c6000_8.1.3/lib/src/strtok.c
Unpacking /home/yellow/ti/ti-cgt-c6000_8.1.3/lib/src/cargs.h
Unpacking /home/yellow/ti/ti-cgt-c6000_8.1.3/lib/src/e_hypot.c
Unpacking /home/yellow/ti/ti-cgt-c6000_8.1.3/lib/src/atoi.c
Unpacking /home/yellow/ti/ti-cgt-c6000_8.1.3/lib/src/strrchr.c
Unpacking /home/yellow/ti/ti-cgt-c6000_8.1.3/lib/src/chunk.h
Unpacking /home/yellow/ti/ti-cgt-c6000_8.1.3/lib/src/s__relops_hash_cont.h
Unpacking /home/yellow/ti/ti-cgt-c6000_8.1.3/lib/src/memchr.c
Unpacking /home/yellow/ti/ti-cgt-c6000_8.1.3/lib/src/toupper.c
Unpacking /home/yellow/ti/ti-cgt-c6000_8.1.3/lib/src/ecvt.c
Unpacking /home/yellow/ti/ti-cgt-c6000_8.1.3/lib/src/strtoimax.c
Unpacking /home/yellow/ti/ti-cgt-c6000_8.1.3/lib/src/pprof_user.c
Unpacking /home/yellow/ti/ti-cgt-c6000_8.1.3/lib/src/tan.c
Unpacking /home/yellow/ti/ti-cgt-c6000_8.1.3/lib/src/s_cprojl.c
Unpacking /home/yellow/ti/ti-cgt-c6000_8.1.3/lib/src/strerror.c
Unpacking /home/yellow/ti/ti-cgt-c6000_8.1.3/lib/src/toascii.c
Unpacking /home/yellow/ti/ti-cgt-c6000_8.1.3/lib/src/ltoa.c
Unpacking /home/yellow/ti/ti-cgt-c6000_8.1.3/lib/src/s__complex.c
Unpacking /home/yellow/ti/ti-cgt-c6000_8.1.3/lib/src/cpy_tbl.c
Unpacking /home/yellow/ti/ti-cgt-c6000_8.1.3/lib/src/strcat.c
Unpacking /home/yellow/ti/ti-cgt-c6000_8.1.3/lib/src/delnothrow.cpp
Unpacking /home/yellow/ti/ti-cgt-c6000_8.1.3/lib/src/cfloat
Unpacking /home/yellow/ti/ti-cgt-c6000_8.1.3/lib/src/cosh.c
Unpacking /home/yellow/ti/ti-cgt-c6000_8.1.3/lib/src/s__streambuf.h
Unpacking /home/yellow/ti/ti-cgt-c6000_8.1.3/lib/src/wcscmp.c
Unpacking /home/yellow/ti/ti-cgt-c6000_8.1.3/lib/src/array_new.cpp
Unpacking /home/yellow/ti/ti-cgt-c6000_8.1.3/lib/src/fixfli.c
Unpacking /home/yellow/ti/ti-cgt-c6000_8.1.3/lib/src/s_carg.c
Unpacking /home/yellow/ti/ti-cgt-c6000_8.1.3/lib/src/frcmpyf.h
Unpacking /home/yellow/ti/ti-cgt-c6000_8.1.3/lib/src/s__fstream.c
Unpacking /home/yellow/ti/ti-cgt-c6000_8.1.3/lib/src/w_cabs.c
Unpacking /home/yellow/ti/ti-cgt-c6000_8.1.3/lib/src/s__pair.h
Unpacking /home/yellow/ti/ti-cgt-c6000_8.1.3/lib/src/sinf.c
Unpacking /home/yellow/ti/ti-cgt-c6000_8.1.3/lib/src/s_c_host.h
Unpacking /home/yellow/ti/ti-cgt-c6000_8.1.3/lib/src/atan.c
Unpacking /home/yellow/ti/ti-cgt-c6000_8.1.3/lib/src/fltud.c
Unpacking /home/yellow/ti/ti-cgt-c6000_8.1.3/lib/src/bzero.c
Unpacking /home/yellow/ti/ti-cgt-c6000_8.1.3/lib/src/s__hashtable.h
Unpacking /home/yellow/ti/ti-cgt-c6000_8.1.3/lib/src/exit.c
Unpacking /home/yellow/ti/ti-cgt-c6000_8.1.3/lib/src/s__string_hash.h
Unpacking /home/yellow/ti/ti-cgt-c6000_8.1.3/lib/src/acot.c
Unpacking /home/yellow/ti/ti-cgt-c6000_8.1.3/lib/src/fmodf.c
Unpacking /home/yellow/ti/ti-cgt-c6000_8.1.3/lib/src/log10.c
Unpacking /home/yellow/ti/ti-cgt-c6000_8.1.3/lib/src/_pthread.c
Unpacking /home/yellow/ti/ti-cgt-c6000_8.1.3/lib/src/ungetc.c
Unpacking /home/yellow/ti/ti-cgt-c6000_8.1.3/lib/src/localtim.c
Unpacking /home/yellow/ti/ti-cgt-c6000_8.1.3/lib/src/w_cabsl.c
Unpacking /home/yellow/ti/ti-cgt-c6000_8.1.3/lib/src/s_d__debug.h
Unpacking /home/yellow/ti/ti-cgt-c6000_8.1.3/lib/src/s__config_compat_post.h
Unpacking /home/yellow/ti/ti-cgt-c6000_8.1.3/lib/src/c99_complex.c
Unpacking /home/yellow/ti/ti-cgt-c6000_8.1.3/lib/src/atof.c
Unpacking /home/yellow/ti/ti-cgt-c6000_8.1.3/lib/src/sprintf.c
Unpacking /home/yellow/ti/ti-cgt-c6000_8.1.3/lib/src/fstream
Unpacking /home/yellow/ti/ti-cgt-c6000_8.1.3/lib/src/aligned_buffer.h
Unpacking /home/yellow/ti/ti-cgt-c6000_8.1.3/lib/src/new
Unpacking /home/yellow/ti/ti-cgt-c6000_8.1.3/lib/src/s__list.h
Unpacking /home/yellow/ti/ti-cgt-c6000_8.1.3/lib/src/fsetpos.c
Unpacking /home/yellow/ti/ti-cgt-c6000_8.1.3/lib/src/s__stdexcept_base.h
Unpacking /home/yellow/ti/ti-cgt-c6000_8.1.3/lib/src/c6x.h
Unpacking /home/yellow/ti/ti-cgt-c6000_8.1.3/lib/src/s_c_features.h
Unpacking /home/yellow/ti/ti-cgt-c6000_8.1.3/lib/src/s_cproj.c
Unpacking /home/yellow/ti/ti-cgt-c6000_8.1.3/lib/src/s__string_sum_methods.h
Unpacking /home/yellow/ti/ti-cgt-c6000_8.1.3/lib/src/file.h
Unpacking /home/yellow/ti/ti-cgt-c6000_8.1.3/lib/src/lef.c
Unpacking /home/yellow/ti/ti-cgt-c6000_8.1.3/lib/src/fgetpos.c
Unpacking /home/yellow/ti/ti-cgt-c6000_8.1.3/lib/src/cstdio
Unpacking /home/yellow/ti/ti-cgt-c6000_8.1.3/lib/src/powif_i.h
Unpacking /home/yellow/ti/ti-cgt-c6000_8.1.3/lib/src/_defs.h
Unpacking /home/yellow/ti/ti-cgt-c6000_8.1.3/lib/src/format.h
Unpacking /home/yellow/ti/ti-cgt-c6000_8.1.3/lib/src/fixdlli.c
Unpacking /home/yellow/ti/ti-cgt-c6000_8.1.3/lib/src/fmodf_i.h
Unpacking /home/yellow/ti/ti-cgt-c6000_8.1.3/lib/src/ciso646
Unpacking /home/yellow/ti/ti-cgt-c6000_8.1.3/lib/src/printf.c
Unpacking /home/yellow/ti/ti-cgt-c6000_8.1.3/lib/src/cotf.c
Unpacking /home/yellow/ti/ti-cgt-c6000_8.1.3/lib/src/acos.c
Unpacking /home/yellow/ti/ti-cgt-c6000_8.1.3/lib/src/log2.c
Unpacking /home/yellow/ti/ti-cgt-c6000_8.1.3/lib/src/fgets.c
Unpacking /home/yellow/ti/ti-cgt-c6000_8.1.3/lib/src/fixdli.c
Unpacking /home/yellow/ti/ti-cgt-c6000_8.1.3/lib/src/_isfuncdef.h
Unpacking /home/yellow/ti/ti-cgt-c6000_8.1.3/lib/src/elfnames.h
Unpacking /home/yellow/ti/ti-cgt-c6000_8.1.3/lib/src/defines.h
Unpacking /home/yellow/ti/ti-cgt-c6000_8.1.3/lib/src/s_cpowl.c
Unpacking /home/yellow/ti/ti-cgt-c6000_8.1.3/lib/src/frcaddd.c
Unpacking /home/yellow/ti/ti-cgt-c6000_8.1.3/lib/src/renormf_i.h
Unpacking /home/yellow/ti/ti-cgt-c6000_8.1.3/lib/src/fixdu.c
Unpacking /home/yellow/ti/ti-cgt-c6000_8.1.3/lib/src/trgcio.h
Unpacking /home/yellow/ti/ti-cgt-c6000_8.1.3/lib/src/absd.c
Unpacking /home/yellow/ti/ti-cgt-c6000_8.1.3/lib/src/truncf.c
Unpacking /home/yellow/ti/ti-cgt-c6000_8.1.3/lib/src/s__exception.h
Unpacking /home/yellow/ti/ti-cgt-c6000_8.1.3/lib/src/s_cimag.c
Unpacking /home/yellow/ti/ti-cgt-c6000_8.1.3/lib/src/bad_alloc.cpp
Unpacking /home/yellow/ti/ti-cgt-c6000_8.1.3/lib/src/acot2f_i.h
Unpacking /home/yellow/ti/ti-cgt-c6000_8.1.3/lib/src/memccpy.c
Unpacking /home/yellow/ti/ti-cgt-c6000_8.1.3/lib/src/s__string_npos.h
Unpacking /home/yellow/ti/ti-cgt-c6000_8.1.3/lib/src/s__ios_base.h
Unpacking /home/yellow/ti/ti-cgt-c6000_8.1.3/lib/src/atanhf.c
Unpacking /home/yellow/ti/ti-cgt-c6000_8.1.3/lib/src/eh.h
Unpacking /home/yellow/ti/ti-cgt-c6000_8.1.3/lib/src/asinf.c
Unpacking /home/yellow/ti/ti-cgt-c6000_8.1.3/lib/src/isfinite.c
Unpacking /home/yellow/ti/ti-cgt-c6000_8.1.3/lib/src/tdeh_cpp_abi.cpp
Unpacking /home/yellow/ti/ti-cgt-c6000_8.1.3/lib/src/s__stdexcept.h
Unpacking /home/yellow/ti/ti-cgt-c6000_8.1.3/lib/src/log10f_i.h
Unpacking /home/yellow/ti/ti-cgt-c6000_8.1.3/lib/src/stdbool.h
Unpacking /home/yellow/ti/ti-cgt-c6000_8.1.3/lib/src/exp10f_i.h
Unpacking /home/yellow/ti/ti-cgt-c6000_8.1.3/lib/src/stdio_streambuf.cpp
Unpacking /home/yellow/ti/ti-cgt-c6000_8.1.3/lib/src/sscanf.c
Unpacking /home/yellow/ti/ti-cgt-c6000_8.1.3/lib/src/call_stub.asm
Unpacking /home/yellow/ti/ti-cgt-c6000_8.1.3/lib/src/isnormalf.c
Unpacking /home/yellow/ti/ti-cgt-c6000_8.1.3/lib/src/renormf.h
Unpacking /home/yellow/ti/ti-cgt-c6000_8.1.3/lib/src/s__iterator.h
Unpacking /home/yellow/ti/ti-cgt-c6000_8.1.3/lib/src/modff_i.h
Unpacking /home/yellow/ti/ti-cgt-c6000_8.1.3/lib/src/s_cexp.c
Unpacking /home/yellow/ti/ti-cgt-c6000_8.1.3/lib/src/imath40.c
Unpacking /home/yellow/ti/ti-cgt-c6000_8.1.3/lib/src/time.c
Unpacking /home/yellow/ti/ti-cgt-c6000_8.1.3/lib/src/s__threads.h
Unpacking /home/yellow/ti/ti-cgt-c6000_8.1.3/lib/src/s__unordered_set.h
Unpacking /home/yellow/ti/ti-cgt-c6000_8.1.3/lib/src/tanf.c
Unpacking /home/yellow/ti/ti-cgt-c6000_8.1.3/lib/src/trunc.c
Unpacking /home/yellow/ti/ti-cgt-c6000_8.1.3/lib/src/basics.h
Unpacking /home/yellow/ti/ti-cgt-c6000_8.1.3/lib/src/fputs.c
Unpacking /home/yellow/ti/ti-cgt-c6000_8.1.3/lib/src/s__slist_base.h
Unpacking /home/yellow/ti/ti-cgt-c6000_8.1.3/lib/src/s_creall.c
Unpacking /home/yellow/ti/ti-cgt-c6000_8.1.3/lib/src/coshf.c
Unpacking /home/yellow/ti/ti-cgt-c6000_8.1.3/lib/src/fltulf.c
Unpacking /home/yellow/ti/ti-cgt-c6000_8.1.3/lib/src/s__raw_storage_iter.h
Unpacking /home/yellow/ti/ti-cgt-c6000_8.1.3/lib/src/map
Unpacking /home/yellow/ti/ti-cgt-c6000_8.1.3/lib/src/ftell.c
Unpacking /home/yellow/ti/ti-cgt-c6000_8.1.3/lib/src/isalnum.c
Unpacking /home/yellow/ti/ti-cgt-c6000_8.1.3/lib/src/elf_linkage.h
Unpacking /home/yellow/ti/ti-cgt-c6000_8.1.3/lib/src/_dtor_list.h
Unpacking /home/yellow/ti/ti-cgt-c6000_8.1.3/lib/src/error.h
Unpacking /home/yellow/ti/ti-cgt-c6000_8.1.3/lib/src/ceilf_i.h
Unpacking /home/yellow/ti/ti-cgt-c6000_8.1.3/lib/src/iostream
Unpacking /home/yellow/ti/ti-cgt-c6000_8.1.3/lib/src/s__iosfwd.h
Unpacking /home/yellow/ti/ti-cgt-c6000_8.1.3/lib/src/s__function_adaptors.h
Unpacking /home/yellow/ti/ti-cgt-c6000_8.1.3/lib/src/s__strstream.h
Unpacking /home/yellow/ti/ti-cgt-c6000_8.1.3/lib/src/s_clog.c
Unpacking /home/yellow/ti/ti-cgt-c6000_8.1.3/lib/src/s__ctime.h
Unpacking /home/yellow/ti/ti-cgt-c6000_8.1.3/lib/src/cxxabi.h
Unpacking /home/yellow/ti/ti-cgt-c6000_8.1.3/lib/src/codecvt.cpp
Unpacking /home/yellow/ti/ti-cgt-c6000_8.1.3/lib/src/iostream.cpp
Unpacking /home/yellow/ti/ti-cgt-c6000_8.1.3/lib/src/asinhf.c
Unpacking /home/yellow/ti/ti-cgt-c6000_8.1.3/lib/src/time64.c
Unpacking /home/yellow/ti/ti-cgt-c6000_8.1.3/lib/src/delete.cpp
Unpacking /home/yellow/ti/ti-cgt-c6000_8.1.3/lib/src/atanhf_i.h
Unpacking /home/yellow/ti/ti-cgt-c6000_8.1.3/lib/src/difftime64.c
Unpacking /home/yellow/ti/ti-cgt-c6000_8.1.3/lib/src/multibyte.c
Unpacking /home/yellow/ti/ti-cgt-c6000_8.1.3/lib/src/_stdio_file.h
Unpacking /home/yellow/ti/ti-cgt-c6000_8.1.3/lib/src/_data_synch.c
Unpacking /home/yellow/ti/ti-cgt-c6000_8.1.3/lib/src/negd.c
Unpacking /home/yellow/ti/ti-cgt-c6000_8.1.3/lib/src/s__tree.c
Unpacking /home/yellow/ti/ti-cgt-c6000_8.1.3/lib/src/copy_decompress_rle.c
Unpacking /home/yellow/ti/ti-cgt-c6000_8.1.3/lib/src/fixfu.c
Unpacking /home/yellow/ti/ti-cgt-c6000_8.1.3/lib/src/divi.asm
Unpacking /home/yellow/ti/ti-cgt-c6000_8.1.3/lib/src/s__cwctype.h
Unpacking /home/yellow/ti/ti-cgt-c6000_8.1.3/lib/src/lldiv.c
Unpacking /home/yellow/ti/ti-cgt-c6000_8.1.3/lib/src/perror.c
Unpacking /home/yellow/ti/ti-cgt-c6000_8.1.3/lib/src/placedel.cpp
Unpacking /home/yellow/ti/ti-cgt-c6000_8.1.3/lib/src/s__cmath.h
Unpacking /home/yellow/ti/ti-cgt-c6000_8.1.3/lib/src/numpunct.cpp
Unpacking /home/yellow/ti/ti-cgt-c6000_8.1.3/lib/src/facets_byname.cpp
Unpacking /home/yellow/ti/ti-cgt-c6000_8.1.3/lib/src/stddef.h
Unpacking /home/yellow/ti/ti-cgt-c6000_8.1.3/lib/src/wchar.h
Unpacking /home/yellow/ti/ti-cgt-c6000_8.1.3/lib/src/vtbl.h
Unpacking /home/yellow/ti/ti-cgt-c6000_8.1.3/lib/src/s__hashtable.c
Unpacking /home/yellow/ti/ti-cgt-c6000_8.1.3/lib/src/s_cimagf.c
Unpacking /home/yellow/ti/ti-cgt-c6000_8.1.3/lib/src/cerrno
Unpacking /home/yellow/ti/ti-cgt-c6000_8.1.3/lib/src/strxfrm.c
Unpacking /home/yellow/ti/ti-cgt-c6000_8.1.3/lib/src/s__deque.h
Unpacking /home/yellow/ti/ti-cgt-c6000_8.1.3/lib/src/time.h
Unpacking /home/yellow/ti/ti-cgt-c6000_8.1.3/lib/src/bcopy.c
Unpacking /home/yellow/ti/ti-cgt-c6000_8.1.3/lib/src/vla_alloc.h
Unpacking /home/yellow/ti/ti-cgt-c6000_8.1.3/lib/src/fixdull.c
Unpacking /home/yellow/ti/ti-cgt-c6000_8.1.3/lib/src/_mutex.c
Unpacking /home/yellow/ti/ti-cgt-c6000_8.1.3/lib/src/addf_i.h
Unpacking /home/yellow/ti/ti-cgt-c6000_8.1.3/lib/src/exp2.c
Unpacking /home/yellow/ti/ti-cgt-c6000_8.1.3/lib/src/trgmsg.c
Unpacking /home/yellow/ti/ti-cgt-c6000_8.1.3/lib/src/ldiv.c
Unpacking /home/yellow/ti/ti-cgt-c6000_8.1.3/lib/src/strcoll.c
Unpacking /home/yellow/ti/ti-cgt-c6000_8.1.3/lib/src/signal.h
Unpacking /home/yellow/ti/ti-cgt-c6000_8.1.3/lib/src/s__num_get.h
Unpacking /home/yellow/ti/ti-cgt-c6000_8.1.3/lib/src/s_csqrt.c
Unpacking /home/yellow/ti/ti-cgt-c6000_8.1.3/lib/src/mpyf_i.h
Unpacking /home/yellow/ti/ti-cgt-c6000_8.1.3/lib/src/ieeef.h
Unpacking /home/yellow/ti/ti-cgt-c6000_8.1.3/lib/src/wchar.c
Unpacking /home/yellow/ti/ti-cgt-c6000_8.1.3/lib/src/fabsf_i.h
Unpacking /home/yellow/ti/ti-cgt-c6000_8.1.3/lib/src/complex.cpp
Unpacking /home/yellow/ti/ti-cgt-c6000_8.1.3/lib/src/mktime.c
Unpacking /home/yellow/ti/ti-cgt-c6000_8.1.3/lib/src/islower.c
Unpacking /home/yellow/ti/ti-cgt-c6000_8.1.3/lib/src/float.h
Unpacking /home/yellow/ti/ti-cgt-c6000_8.1.3/lib/src/s__ctraits_fns.h
Unpacking /home/yellow/ti/ti-cgt-c6000_8.1.3/lib/src/s_log1p.c
Unpacking /home/yellow/ti/ti-cgt-c6000_8.1.3/lib/src/leqf_i.h
Unpacking /home/yellow/ti/ti-cgt-c6000_8.1.3/lib/src/ltf.c
Unpacking /home/yellow/ti/ti-cgt-c6000_8.1.3/lib/src/algorithm
Unpacking /home/yellow/ti/ti-cgt-c6000_8.1.3/lib/src/setjmp.asm
Unpacking /home/yellow/ti/ti-cgt-c6000_8.1.3/lib/src/acosf.c
Unpacking /home/yellow/ti/ti-cgt-c6000_8.1.3/lib/src/exception
Unpacking /home/yellow/ti/ti-cgt-c6000_8.1.3/lib/src/ieeed.h
Unpacking /home/yellow/ti/ti-cgt-c6000_8.1.3/lib/src/tmpnam.c
Unpacking /home/yellow/ti/ti-cgt-c6000_8.1.3/lib/src/wmemset.c
Unpacking /home/yellow/ti/ti-cgt-c6000_8.1.3/lib/src/linkage.h
Unpacking /home/yellow/ti/ti-cgt-c6000_8.1.3/lib/src/s_p__list.h
Unpacking /home/yellow/ti/ti-cgt-c6000_8.1.3/lib/src/hash_map
Unpacking /home/yellow/ti/ti-cgt-c6000_8.1.3/lib/src/fpclassifyf.c
Unpacking /home/yellow/ti/ti-cgt-c6000_8.1.3/lib/src/fwrite.c
Unpacking /home/yellow/ti/ti-cgt-c6000_8.1.3/lib/src/fflush.c
Unpacking /home/yellow/ti/ti-cgt-c6000_8.1.3/lib/src/strcspn.c
Unpacking /home/yellow/ti/ti-cgt-c6000_8.1.3/lib/src/iosfwd
Unpacking /home/yellow/ti/ti-cgt-c6000_8.1.3/lib/src/s__slist.c
Unpacking /home/yellow/ti/ti-cgt-c6000_8.1.3/lib/src/isxdigit.c
Unpacking /home/yellow/ti/ti-cgt-c6000_8.1.3/lib/src/tdeh_common.h
Unpacking /home/yellow/ti/ti-cgt-c6000_8.1.3/lib/src/strncpy.c
Unpacking /home/yellow/ti/ti-cgt-c6000_8.1.3/lib/src/s_char_traits.h
Unpacking /home/yellow/ti/ti-cgt-c6000_8.1.3/lib/src/feof.c
Unpacking /home/yellow/ti/ti-cgt-c6000_8.1.3/lib/src/typeinfo_.cpp
Unpacking /home/yellow/ti/ti-cgt-c6000_8.1.3/lib/src/s_concept_checks.h
Unpacking /home/yellow/ti/ti-cgt-c6000_8.1.3/lib/src/s__map.h
Unpacking /home/yellow/ti/ti-cgt-c6000_8.1.3/lib/src/complex_io.cpp
Unpacking /home/yellow/ti/ti-cgt-c6000_8.1.3/lib/src/pprof.h
Unpacking /home/yellow/ti/ti-cgt-c6000_8.1.3/lib/src/fputc.c
Unpacking /home/yellow/ti/ti-cgt-c6000_8.1.3/lib/src/frcdivd.h
Unpacking /home/yellow/ti/ti-cgt-c6000_8.1.3/lib/src/frcmpyd.c
Unpacking /home/yellow/ti/ti-cgt-c6000_8.1.3/lib/src/_scanfi_nf.c
Unpacking /home/yellow/ti/ti-cgt-c6000_8.1.3/lib/src/fltllid.c
Unpacking /home/yellow/ti/ti-cgt-c6000_8.1.3/lib/src/strtol.c
Unpacking /home/yellow/ti/ti-cgt-c6000_8.1.3/lib/src/_scanfi.c
Unpacking /home/yellow/ti/ti-cgt-c6000_8.1.3/lib/src/ged.c
Unpacking /home/yellow/ti/ti-cgt-c6000_8.1.3/lib/src/array_del.cpp
Unpacking /home/yellow/ti/ti-cgt-c6000_8.1.3/lib/src/exp.c
Unpacking /home/yellow/ti/ti-cgt-c6000_8.1.3/lib/src/s__cctype.h
Unpacking /home/yellow/ti/ti-cgt-c6000_8.1.3/lib/src/s__iterator_base.h
Unpacking /home/yellow/ti/ti-cgt-c6000_8.1.3/lib/src/catrigf.c
Unpacking /home/yellow/ti/ti-cgt-c6000_8.1.3/lib/src/wcsncmp.c
Unpacking /home/yellow/ti/ti-cgt-c6000_8.1.3/lib/src/strtoumax.c
Unpacking /home/yellow/ti/ti-cgt-c6000_8.1.3/lib/src/placenew.cpp
Unpacking /home/yellow/ti/ti-cgt-c6000_8.1.3/lib/src/cmpd.c
Unpacking /home/yellow/ti/ti-cgt-c6000_8.1.3/lib/src/s__algo.h
Unpacking /home/yellow/ti/ti-cgt-c6000_8.1.3/lib/src/hash_set
Unpacking /home/yellow/ti/ti-cgt-c6000_8.1.3/lib/src/powf.c
Unpacking /home/yellow/ti/ti-cgt-c6000_8.1.3/lib/src/stlport_prefix.h
Unpacking /home/yellow/ti/ti-cgt-c6000_8.1.3/lib/src/s_csqrtf.c
Unpacking /home/yellow/ti/ti-cgt-c6000_8.1.3/lib/src/string.h
Unpacking /home/yellow/ti/ti-cgt-c6000_8.1.3/lib/src/fprintf.c
Unpacking /home/yellow/ti/ti-cgt-c6000_8.1.3/lib/src/s__heap.c
Unpacking /home/yellow/ti/ti-cgt-c6000_8.1.3/lib/src/s_crealf.c
Unpacking /home/yellow/ti/ti-cgt-c6000_8.1.3/lib/src/divf_i.h
Unpacking /home/yellow/ti/ti-cgt-c6000_8.1.3/lib/src/vect.h
Unpacking /home/yellow/ti/ti-cgt-c6000_8.1.3/lib/src/fclose.c
Unpacking /home/yellow/ti/ti-cgt-c6000_8.1.3/lib/src/t_fstream_stdio.c
Unpacking /home/yellow/ti/ti-cgt-c6000_8.1.3/lib/src/index.c
Unpacking /home/yellow/ti/ti-cgt-c6000_8.1.3/lib/src/cwchar
Unpacking /home/yellow/ti/ti-cgt-c6000_8.1.3/lib/src/acosh.c
Unpacking /home/yellow/ti/ti-cgt-c6000_8.1.3/lib/src/neqf_i.h
Unpacking /home/yellow/ti/ti-cgt-c6000_8.1.3/lib/src/c60.h
Unpacking /home/yellow/ti/ti-cgt-c6000_8.1.3/lib/src/s__codecvt.h
Unpacking /home/yellow/ti/ti-cgt-c6000_8.1.3/lib/src/inttypes.h
Unpacking /home/yellow/ti/ti-cgt-c6000_8.1.3/lib/src/strings.h
Unpacking /home/yellow/ti/ti-cgt-c6000_8.1.3/lib/src/tls.c
Unpacking /home/yellow/ti/ti-cgt-c6000_8.1.3/lib/src/fixful.c
Unpacking /home/yellow/ti/ti-cgt-c6000_8.1.3/lib/src/csignal
Unpacking /home/yellow/ti/ti-cgt-c6000_8.1.3/lib/src/s__limits.h
Unpacking /home/yellow/ti/ti-cgt-c6000_8.1.3/lib/src/s_creal.c
Unpacking /home/yellow/ti/ti-cgt-c6000_8.1.3/lib/src/s__unordered_map.h
Unpacking /home/yellow/ti/ti-cgt-c6000_8.1.3/lib/src/errno.c
Unpacking /home/yellow/ti/ti-cgt-c6000_8.1.3/lib/src/frcaddf.h
Unpacking /home/yellow/ti/ti-cgt-c6000_8.1.3/lib/src/fread.c
Unpacking /home/yellow/ti/ti-cgt-c6000_8.1.3/lib/src/runtime.h
Unpacking /home/yellow/ti/ti-cgt-c6000_8.1.3/lib/src/s__numpunct.h
Unpacking /home/yellow/ti/ti-cgt-c6000_8.1.3/lib/src/ffs.c
Unpacking /home/yellow/ti/ti-cgt-c6000_8.1.3/lib/src/subd.c
Unpacking /home/yellow/ti/ti-cgt-c6000_8.1.3/lib/src/isspace.c
Unpacking /home/yellow/ti/ti-cgt-c6000_8.1.3/lib/src/bcmp.c
Unpacking /home/yellow/ti/ti-cgt-c6000_8.1.3/lib/src/s__num_put.c
Unpacking /home/yellow/ti/ti-cgt-c6000_8.1.3/lib/src/fltif.c
Unpacking /home/yellow/ti/ti-cgt-c6000_8.1.3/lib/src/frexpf_i.h
Unpacking /home/yellow/ti/ti-cgt-c6000_8.1.3/lib/src/negll.sa
Unpacking /home/yellow/ti/ti-cgt-c6000_8.1.3/lib/src/strtod.c
Unpacking /home/yellow/ti/ti-cgt-c6000_8.1.3/lib/src/sinit.c
Unpacking /home/yellow/ti/ti-cgt-c6000_8.1.3/lib/src/s_c_compat.h
Unpacking /home/yellow/ti/ti-cgt-c6000_8.1.3/lib/src/c60asm.i
Unpacking /home/yellow/ti/ti-cgt-c6000_8.1.3/lib/src/rsqrtf.c
Unpacking /home/yellow/ti/ti-cgt-c6000_8.1.3/lib/src/led.c
Unpacking /home/yellow/ti/ti-cgt-c6000_8.1.3/lib/src/cosf.c
Unpacking /home/yellow/ti/ti-cgt-c6000_8.1.3/lib/src/cwctype
Unpacking /home/yellow/ti/ti-cgt-c6000_8.1.3/lib/src/sqrtf_i.h
Unpacking /home/yellow/ti/ti-cgt-c6000_8.1.3/lib/src/frexp.c
Unpacking /home/yellow/ti/ti-cgt-c6000_8.1.3/lib/src/ctype.h
Unpacking /home/yellow/ti/ti-cgt-c6000_8.1.3/lib/src/divd.c
Unpacking /home/yellow/ti/ti-cgt-c6000_8.1.3/lib/src/s__stlport_version.h
Unpacking /home/yellow/ti/ti-cgt-c6000_8.1.3/lib/src/cvtfd.c
Unpacking /home/yellow/ti/ti-cgt-c6000_8.1.3/lib/src/tolower.c
Unpacking /home/yellow/ti/ti-cgt-c6000_8.1.3/lib/src/s__uninitialized.h
Unpacking /home/yellow/ti/ti-cgt-c6000_8.1.3/lib/src/stdlib.h
Unpacking /home/yellow/ti/ti-cgt-c6000_8.1.3/lib/src/rtti.cpp
Unpacking /home/yellow/ti/ti-cgt-c6000_8.1.3/lib/src/truncf_i.h
Unpacking /home/yellow/ti/ti-cgt-c6000_8.1.3/lib/src/strtold.c
Unpacking /home/yellow/ti/ti-cgt-c6000_8.1.3/lib/src/double_config.h
Unpacking /home/yellow/ti/ti-cgt-c6000_8.1.3/lib/src/fixfx_i.h
Unpacking /home/yellow/ti/ti-cgt-c6000_8.1.3/lib/src/exp10f.c
Unpacking /home/yellow/ti/ti-cgt-c6000_8.1.3/lib/src/s_c_stl_confix.h
Unpacking /home/yellow/ti/ti-cgt-c6000_8.1.3/lib/src/s__move_construct_fwk.h
Unpacking /home/yellow/ti/ti-cgt-c6000_8.1.3/lib/src/tanhf.c
Unpacking /home/yellow/ti/ti-cgt-c6000_8.1.3/lib/src/s__time_facets.h
Unpacking /home/yellow/ti/ti-cgt-c6000_8.1.3/lib/src/e_typeinfo
Unpacking /home/yellow/ti/ti-cgt-c6000_8.1.3/lib/src/sinhf.c
Unpacking /home/yellow/ti/ti-cgt-c6000_8.1.3/lib/src/tls_get_tp.asm
Unpacking /home/yellow/ti/ti-cgt-c6000_8.1.3/lib/src/_lock.c
Unpacking /home/yellow/ti/ti-cgt-c6000_8.1.3/lib/src/fabs.c
Unpacking /home/yellow/ti/ti-cgt-c6000_8.1.3/lib/src/labs.c
Unpacking /home/yellow/ti/ti-cgt-c6000_8.1.3/lib/src/wcslen.c
Unpacking /home/yellow/ti/ti-cgt-c6000_8.1.3/lib/src/eqlf.c
Unpacking /home/yellow/ti/ti-cgt-c6000_8.1.3/lib/src/localtim64.c
Unpacking /home/yellow/ti/ti-cgt-c6000_8.1.3/lib/src/climits
Unpacking /home/yellow/ti/ti-cgt-c6000_8.1.3/lib/src/cstdlib
Unpacking /home/yellow/ti/ti-cgt-c6000_8.1.3/lib/src/logf.c
Unpacking /home/yellow/ti/ti-cgt-c6000_8.1.3/lib/src/s__cstdio.h
Unpacking /home/yellow/ti/ti-cgt-c6000_8.1.3/lib/src/wctype.h
Unpacking /home/yellow/ti/ti-cgt-c6000_8.1.3/lib/src/atanf_i.h
Unpacking /home/yellow/ti/ti-cgt-c6000_8.1.3/lib/src/atol.c
Unpacking /home/yellow/ti/ti-cgt-c6000_8.1.3/lib/src/strcmp.c
Unpacking /home/yellow/ti/ti-cgt-c6000_8.1.3/lib/src/neqlf.c
Unpacking /home/yellow/ti/ti-cgt-c6000_8.1.3/lib/src/fstream.cpp
Unpacking /home/yellow/ti/ti-cgt-c6000_8.1.3/lib/src/isfinitef_i.h
Unpacking /home/yellow/ti/ti-cgt-c6000_8.1.3/lib/src/ltd.c
Unpacking /home/yellow/ti/ti-cgt-c6000_8.1.3/lib/src/gmtime.c
Unpacking /home/yellow/ti/ti-cgt-c6000_8.1.3/lib/src/syntf.h
Unpacking /home/yellow/ti/ti-cgt-c6000_8.1.3/lib/src/fltlif.c
Unpacking /home/yellow/ti/ti-cgt-c6000_8.1.3/lib/src/s_copysign.c
Unpacking /home/yellow/ti/ti-cgt-c6000_8.1.3/lib/src/_pthread.h
Unpacking /home/yellow/ti/ti-cgt-c6000_8.1.3/lib/src/ldexpf_i.h
Unpacking /home/yellow/ti/ti-cgt-c6000_8.1.3/lib/src/s__sstream.h
Unpacking /home/yellow/ti/ti-cgt-c6000_8.1.3/lib/src/time_facets.cpp
Unpacking /home/yellow/ti/ti-cgt-c6000_8.1.3/lib/src/memory
Unpacking /home/yellow/ti/ti-cgt-c6000_8.1.3/lib/src/bitset
Unpacking /home/yellow/ti/ti-cgt-c6000_8.1.3/lib/src/guard.cpp
Unpacking /home/yellow/ti/ti-cgt-c6000_8.1.3/lib/src/limits.h
Unpacking /home/yellow/ti/ti-cgt-c6000_8.1.3/lib/src/s__valarray.c
Unpacking /home/yellow/ti/ti-cgt-c6000_8.1.3/lib/src/strncat.c
Unpacking /home/yellow/ti/ti-cgt-c6000_8.1.3/lib/src/frexp2_i.h
Unpacking /home/yellow/ti/ti-cgt-c6000_8.1.3/lib/src/tdeh_pr_c6000.cpp
Unpacking /home/yellow/ti/ti-cgt-c6000_8.1.3/lib/src/strdup.c
Unpacking /home/yellow/ti/ti-cgt-c6000_8.1.3/lib/src/cmath
Unpacking /home/yellow/ti/ti-cgt-c6000_8.1.3/lib/src/s__bitset.h
Unpacking /home/yellow/ti/ti-cgt-c6000_8.1.3/lib/src/s__string_fwd.h
Unpacking /home/yellow/ti/ti-cgt-c6000_8.1.3/lib/src/num_put.cpp
Unpacking /home/yellow/ti/ti-cgt-c6000_8.1.3/lib/src/s__iterator_old.h
Unpacking /home/yellow/ti/ti-cgt-c6000_8.1.3/lib/src/fscanf.c
Unpacking /home/yellow/ti/ti-cgt-c6000_8.1.3/lib/src/Makefile
Unpacking /home/yellow/ti/ti-cgt-c6000_8.1.3/lib/src/cstdarg
Unpacking /home/yellow/ti/ti-cgt-c6000_8.1.3/lib/src/memcpy64.asm
Unpacking /home/yellow/ti/ti-cgt-c6000_8.1.3/lib/src/bsearch.c
Unpacking /home/yellow/ti/ti-cgt-c6000_8.1.3/lib/src/memzero.cpp
Unpacking /home/yellow/ti/ti-cgt-c6000_8.1.3/lib/src/frcmpyf2_i.h
Unpacking /home/yellow/ti/ti-cgt-c6000_8.1.3/lib/src/s_cpowf.c
Unpacking /home/yellow/ti/ti-cgt-c6000_8.1.3/lib/src/s__fstream.h
Unpacking /home/yellow/ti/ti-cgt-c6000_8.1.3/lib/src/s__threads.c
Unpacking /home/yellow/ti/ti-cgt-c6000_8.1.3/lib/src/s__function.h
Unpacking /home/yellow/ti/ti-cgt-c6000_8.1.3/lib/src/ctime
Unpacking /home/yellow/ti/ti-cgt-c6000_8.1.3/lib/src/isgraph.c
Unpacking /home/yellow/ti/ti-cgt-c6000_8.1.3/lib/src/s_conjf.c
Unpacking /home/yellow/ti/ti-cgt-c6000_8.1.3/lib/src/cot.c
Unpacking /home/yellow/ti/ti-cgt-c6000_8.1.3/lib/src/sin.c
Unpacking /home/yellow/ti/ti-cgt-c6000_8.1.3/lib/src/llabs.c
Unpacking /home/yellow/ti/ti-cgt-c6000_8.1.3/lib/src/isnan.c
Unpacking /home/yellow/ti/ti-cgt-c6000_8.1.3/lib/src/negf.c
Unpacking /home/yellow/ti/ti-cgt-c6000_8.1.3/lib/src/s__epilog.h
Unpacking /home/yellow/ti/ti-cgt-c6000_8.1.3/lib/src/messages.cpp
Unpacking /home/yellow/ti/ti-cgt-c6000_8.1.3/lib/src/fltuld.c
Unpacking /home/yellow/ti/ti-cgt-c6000_8.1.3/lib/src/difftime.c
Unpacking /home/yellow/ti/ti-cgt-c6000_8.1.3/lib/src/wmemmove.c
Unpacking /home/yellow/ti/ti-cgt-c6000_8.1.3/lib/src/wmemcpy.c
Unpacking /home/yellow/ti/ti-cgt-c6000_8.1.3/lib/src/mpyll.c
Unpacking /home/yellow/ti/ti-cgt-c6000_8.1.3/lib/src/sinh.c
Unpacking /home/yellow/ti/ti-cgt-c6000_8.1.3/lib/src/s_c_locale.h
Unpacking /home/yellow/ti/ti-cgt-c6000_8.1.3/lib/src/syntd.h
Unpacking /home/yellow/ti/ti-cgt-c6000_8.1.3/lib/src/gmtime64.c
Unpacking /home/yellow/ti/ti-cgt-c6000_8.1.3/lib/src/s__stdexcept_base.c
Unpacking /home/yellow/ti/ti-cgt-c6000_8.1.3/lib/src/strncasecmp.c
Unpacking /home/yellow/ti/ti-cgt-c6000_8.1.3/lib/src/cstring
Unpacking /home/yellow/ti/ti-cgt-c6000_8.1.3/lib/src/wmemcmp.c
Unpacking /home/yellow/ti/ti-cgt-c6000_8.1.3/lib/src/s__collate.h
Unpacking /home/yellow/ti/ti-cgt-c6000_8.1.3/lib/src/tdeh_uwentry_c6000.asm
Unpacking /home/yellow/ti/ti-cgt-c6000_8.1.3/lib/src/frcaddf.c
Unpacking /home/yellow/ti/ti-cgt-c6000_8.1.3/lib/src/wctype.c
Unpacking /home/yellow/ti/ti-cgt-c6000_8.1.3/lib/src/dll_main.cpp
Unpacking /home/yellow/ti/ti-cgt-c6000_8.1.3/lib/src/mathl.h
Unpacking /home/yellow/ti/ti-cgt-c6000_8.1.3/lib/src/complex.h
Unpacking /home/yellow/ti/ti-cgt-c6000_8.1.3/lib/src/setvbuf.c
Unpacking /home/yellow/ti/ti-cgt-c6000_8.1.3/lib/src/rindex.c
Unpacking /home/yellow/ti/ti-cgt-c6000_8.1.3/lib/src/asinhf_i.h
Unpacking /home/yellow/ti/ti-cgt-c6000_8.1.3/lib/src/isinff.c
Unpacking /home/yellow/ti/ti-cgt-c6000_8.1.3/lib/src/absf.c
Unpacking /home/yellow/ti/ti-cgt-c6000_8.1.3/lib/src/isfinitef.c
Unpacking /home/yellow/ti/ti-cgt-c6000_8.1.3/lib/src/ldexpf.c
Unpacking /home/yellow/ti/ti-cgt-c6000_8.1.3/lib/src/atanf.c
Unpacking /home/yellow/ti/ti-cgt-c6000_8.1.3/lib/src/locale_catalog.cpp
Unpacking /home/yellow/ti/ti-cgt-c6000_8.1.3/lib/src/s_ctanhf.c
Unpacking /home/yellow/ti/ti-cgt-c6000_8.1.3/lib/src/acoshf.c
Unpacking /home/yellow/ti/ti-cgt-c6000_8.1.3/lib/src/clocale
Unpacking /home/yellow/ti/ti-cgt-c6000_8.1.3/lib/src/monetary.cpp
Unpacking /home/yellow/ti/ti-cgt-c6000_8.1.3/lib/src/geqf_i.h
Unpacking /home/yellow/ti/ti-cgt-c6000_8.1.3/lib/src/memmov.c
Unpacking /home/yellow/ti/ti-cgt-c6000_8.1.3/lib/src/strstr.c
Unpacking /home/yellow/ti/ti-cgt-c6000_8.1.3/lib/src/fpclassify.c
Unpacking /home/yellow/ti/ti-cgt-c6000_8.1.3/lib/src/rtti.h
Unpacking /home/yellow/ti/ti-cgt-c6000_8.1.3/lib/src/s__bvector.h
Unpacking /home/yellow/ti/ti-cgt-c6000_8.1.3/lib/src/s__range_errors.h
Unpacking /home/yellow/ti/ti-cgt-c6000_8.1.3/lib/src/s__istream.h
Unpacking /home/yellow/ti/ti-cgt-c6000_8.1.3/lib/src/powf_i.h
Unpacking /home/yellow/ti/ti-cgt-c6000_8.1.3/lib/src/gtrf_i.h
Unpacking /home/yellow/ti/ti-cgt-c6000_8.1.3/lib/src/s__mbstate_t.h
Unpacking /home/yellow/ti/ti-cgt-c6000_8.1.3/lib/src/s_conj.c
Unpacking /home/yellow/ti/ti-cgt-c6000_8.1.3/lib/src/ios
Unpacking /home/yellow/ti/ti-cgt-c6000_8.1.3/lib/src/ostream.cpp
Unpacking /home/yellow/ti/ti-cgt-c6000_8.1.3/lib/src/newhandler.cpp
Unpacking /home/yellow/ti/ti-cgt-c6000_8.1.3/lib/src/s__string.h
Unpacking /home/yellow/ti/ti-cgt-c6000_8.1.3/lib/src/s__stack.h
Unpacking /home/yellow/ti/ti-cgt-c6000_8.1.3/lib/src/dtor_list.h
Unpacking /home/yellow/ti/ti-cgt-c6000_8.1.3/lib/src/floorf.c
Unpacking /home/yellow/ti/ti-cgt-c6000_8.1.3/lib/src/stdio_streambuf.h
Unpacking /home/yellow/ti/ti-cgt-c6000_8.1.3/lib/src/subf_i.h
Unpacking /home/yellow/ti/ti-cgt-c6000_8.1.3/lib/src/frcmpyd.h
Unpacking /home/yellow/ti/ti-cgt-c6000_8.1.3/lib/src/cos.c
Unpacking /home/yellow/ti/ti-cgt-c6000_8.1.3/lib/src/fltid.c
Unpacking /home/yellow/ti/ti-cgt-c6000_8.1.3/lib/src/_bufread.c
Unpacking /home/yellow/ti/ti-cgt-c6000_8.1.3/lib/src/iterator
Unpacking /home/yellow/ti/ti-cgt-c6000_8.1.3/lib/src/tls.h
Unpacking /home/yellow/ti/ti-cgt-c6000_8.1.3/lib/src/memset.c
Unpacking /home/yellow/ti/ti-cgt-c6000_8.1.3/lib/src/numconst.h
Unpacking /home/yellow/ti/ti-cgt-c6000_8.1.3/lib/src/s__num_put.h
Unpacking /home/yellow/ti/ti-cgt-c6000_8.1.3/lib/src/neqld.c
Unpacking /home/yellow/ti/ti-cgt-c6000_8.1.3/lib/src/s__slist_base.c
Unpacking /home/yellow/ti/ti-cgt-c6000_8.1.3/lib/src/gsmvars.c
Unpacking /home/yellow/ti/ti-cgt-c6000_8.1.3/lib/src/mathf.h
Unpacking /home/yellow/ti/ti-cgt-c6000_8.1.3/lib/src/lock_free_slist.h
Unpacking /home/yellow/ti/ti-cgt-c6000_8.1.3/lib/src/gtd.c
Unpacking /home/yellow/ti/ti-cgt-c6000_8.1.3/lib/src/s__typeinfo.h
Unpacking /home/yellow/ti/ti-cgt-c6000_8.1.3/lib/src/lltoa.c
Unpacking /home/yellow/ti/ti-cgt-c6000_8.1.3/lib/src/istream
Unpacking /home/yellow/ti/ti-cgt-c6000_8.1.3/lib/src/strlen.c
Unpacking /home/yellow/ti/ti-cgt-c6000_8.1.3/lib/src/s_c__prolog.h
Unpacking /home/yellow/ti/ti-cgt-c6000_8.1.3/lib/src/locale.cpp
Unpacking /home/yellow/ti/ti-cgt-c6000_8.1.3/lib/src/assert.c
Unpacking /home/yellow/ti/ti-cgt-c6000_8.1.3/lib/src/wmemchr.c
Unpacking /home/yellow/ti/ti-cgt-c6000_8.1.3/lib/src/s__ios.h
Unpacking /home/yellow/ti/ti-cgt-c6000_8.1.3/lib/src/e_new
Unpacking /home/yellow/ti/ti-cgt-c6000_8.1.3/lib/src/setbuf.c
Unpacking /home/yellow/ti/ti-cgt-c6000_8.1.3/lib/src/s__string_operators.h
Unpacking /home/yellow/ti/ti-cgt-c6000_8.1.3/lib/src/fixdul.c
Unpacking /home/yellow/ti/ti-cgt-c6000_8.1.3/lib/src/strstream.cpp
Unpacking /home/yellow/ti/ti-cgt-c6000_8.1.3/lib/src/atan2f.c
Unpacking /home/yellow/ti/ti-cgt-c6000_8.1.3/lib/src/copy_zero_init.c
Unpacking /home/yellow/ti/ti-cgt-c6000_8.1.3/lib/src/signal.c
Unpacking /home/yellow/ti/ti-cgt-c6000_8.1.3/lib/src/outprof.c
Unpacking /home/yellow/ti/ti-cgt-c6000_8.1.3/lib/src/pprof_cio.c
Unpacking /home/yellow/ti/ti-cgt-c6000_8.1.3/lib/src/s__csignal.h
Unpacking /home/yellow/ti/ti-cgt-c6000_8.1.3/lib/src/newnothrow.cpp
Unpacking /home/yellow/ti/ti-cgt-c6000_8.1.3/lib/src/strcpy.c
Unpacking /home/yellow/ti/ti-cgt-c6000_8.1.3/lib/src/fltullf.c
Unpacking /home/yellow/ti/ti-cgt-c6000_8.1.3/lib/src/s__deque.c
Unpacking /home/yellow/ti/ti-cgt-c6000_8.1.3/lib/src/frcmpyd_div.c
Unpacking /home/yellow/ti/ti-cgt-c6000_8.1.3/lib/src/error.cpp
Unpacking /home/yellow/ti/ti-cgt-c6000_8.1.3/lib/src/frcaddf_i.h
Unpacking /home/yellow/ti/ti-cgt-c6000_8.1.3/lib/src/c_locale.cpp
Unpacking /home/yellow/ti/ti-cgt-c6000_8.1.3/lib/src/array_pdel.cpp
Unpacking /home/yellow/ti/ti-cgt-c6000_8.1.3/lib/src/defs.c
Unpacking /home/yellow/ti/ti-cgt-c6000_8.1.3/lib/src/s__num_get.c
Unpacking /home/yellow/ti/ti-cgt-c6000_8.1.3/lib/src/s__limits.c
Unpacking /home/yellow/ti/ti-cgt-c6000_8.1.3/lib/src/s__cstdarg.h
Unpacking /home/yellow/ti/ti-cgt-c6000_8.1.3/lib/src/s__numeric.h
Unpacking /home/yellow/ti/ti-cgt-c6000_8.1.3/lib/src/ctime_.c
Unpacking /home/yellow/ti/ti-cgt-c6000_8.1.3/lib/src/mktime64.c
Unpacking /home/yellow/ti/ti-cgt-c6000_8.1.3/lib/src/asinf_i.h
Unpacking /home/yellow/ti/ti-cgt-c6000_8.1.3/lib/src/s__string_sum.h
Unpacking /home/yellow/ti/ti-cgt-c6000_8.1.3/lib/src/imath64.c
Unpacking /home/yellow/ti/ti-cgt-c6000_8.1.3/lib/src/gtf.c
Unpacking /home/yellow/ti/ti-cgt-c6000_8.1.3/lib/src/strncmp.c
Unpacking /home/yellow/ti/ti-cgt-c6000_8.1.3/lib/src/fabsf.c
Unpacking /home/yellow/ti/ti-cgt-c6000_8.1.3/lib/src/bitset.cpp
Unpacking /home/yellow/ti/ti-cgt-c6000_8.1.3/lib/src/rsqrt.c
Unpacking /home/yellow/ti/ti-cgt-c6000_8.1.3/lib/src/c6x_veclib.c
Unpacking /home/yellow/ti/ti-cgt-c6000_8.1.3/lib/src/lowlev.c
Unpacking /home/yellow/ti/ti-cgt-c6000_8.1.3/lib/src/s__carray.h
Unpacking /home/yellow/ti/ti-cgt-c6000_8.1.3/lib/src/set_new.cpp
Unpacking /home/yellow/ti/ti-cgt-c6000_8.1.3/lib/src/llshift.c
Unpacking /home/yellow/ti/ti-cgt-c6000_8.1.3/lib/src/roundf.c
Unpacking /home/yellow/ti/ti-cgt-c6000_8.1.3/lib/src/sinhf_i.h
Unpacking /home/yellow/ti/ti-cgt-c6000_8.1.3/lib/src/powif.c
Unpacking /home/yellow/ti/ti-cgt-c6000_8.1.3/lib/src/s__new.h
Unpacking /home/yellow/ti/ti-cgt-c6000_8.1.3/lib/src/s__function_base.h
Unpacking /home/yellow/ti/ti-cgt-c6000_8.1.3/lib/src/cpy_tbl.h
Unpacking /home/yellow/ti/ti-cgt-c6000_8.1.3/lib/src/s_csinh.c
Unpacking /home/yellow/ti/ti-cgt-c6000_8.1.3/lib/src/s__slist.h
Unpacking /home/yellow/ti/ti-cgt-c6000_8.1.3/lib/src/negf_i.h
Unpacking /home/yellow/ti/ti-cgt-c6000_8.1.3/lib/src/renormd.c
Unpacking /home/yellow/ti/ti-cgt-c6000_8.1.3/lib/src/vsprintf.c
Unpacking /home/yellow/ti/ti-cgt-c6000_8.1.3/lib/src/s__istream.c
Unpacking /home/yellow/ti/ti-cgt-c6000_8.1.3/lib/src/roundf_i.h
Unpacking /home/yellow/ti/ti-cgt-c6000_8.1.3/lib/src/assert.h
Unpacking /home/yellow/ti/ti-cgt-c6000_8.1.3/lib/src/s_cexpf.c
Unpacking /home/yellow/ti/ti-cgt-c6000_8.1.3/lib/src/acothf.c
Unpacking /home/yellow/ti/ti-cgt-c6000_8.1.3/lib/src/s__string_io.h
Unpacking /home/yellow/ti/ti-cgt-c6000_8.1.3/lib/src/log.c
Unpacking /home/yellow/ti/ti-cgt-c6000_8.1.3/lib/src/csetjmp
Unpacking /home/yellow/ti/ti-cgt-c6000_8.1.3/lib/src/iso646.h
Unpacking /home/yellow/ti/ti-cgt-c6000_8.1.3/lib/src/s__hash_set.h
Unpacking /home/yellow/ti/ti-cgt-c6000_8.1.3/lib/src/strspn.c
Unpacking /home/yellow/ti/ti-cgt-c6000_8.1.3/lib/src/tdeh_c6000.h
Unpacking /home/yellow/ti/ti-cgt-c6000_8.1.3/lib/src/k_exp.c
Unpacking /home/yellow/ti/ti-cgt-c6000_8.1.3/lib/src/s__cprolog.h
Unpacking /home/yellow/ti/ti-cgt-c6000_8.1.3/lib/src/num_get.cpp
Unpacking /home/yellow/ti/ti-cgt-c6000_8.1.3/lib/src/c_locale_dummy.c
Unpacking /home/yellow/ti/ti-cgt-c6000_8.1.3/lib/src/ferror.c
Unpacking /home/yellow/ti/ti-cgt-c6000_8.1.3/lib/src/memcmp.c
Unpacking /home/yellow/ti/ti-cgt-c6000_8.1.3/lib/src/numeric
Unpacking /home/yellow/ti/ti-cgt-c6000_8.1.3/lib/src/s__alloc.h
Unpacking /home/yellow/ti/ti-cgt-c6000_8.1.3/lib/src/ceil.c
Unpacking /home/yellow/ti/ti-cgt-c6000_8.1.3/lib/src/s__ostream.h
Unpacking /home/yellow/ti/ti-cgt-c6000_8.1.3/lib/src/s__cstddef.h
Unpacking /home/yellow/ti/ti-cgt-c6000_8.1.3/lib/src/gsm.h
Unpacking /home/yellow/ti/ti-cgt-c6000_8.1.3/lib/src/frcdivf2_i.h
Unpacking /home/yellow/ti/ti-cgt-c6000_8.1.3/lib/src/mpyf.c
Unpacking /home/yellow/ti/ti-cgt-c6000_8.1.3/lib/src/s_cargf.c
Unpacking /home/yellow/ti/ti-cgt-c6000_8.1.3/lib/src/num_get_float.cpp
Unpacking /home/yellow/ti/ti-cgt-c6000_8.1.3/lib/src/asin.c
Unpacking /home/yellow/ti/ti-cgt-c6000_8.1.3/lib/src/remi.asm
Unpacking /home/yellow/ti/ti-cgt-c6000_8.1.3/lib/src/s__sstream.c
Unpacking /home/yellow/ti/ti-cgt-c6000_8.1.3/lib/src/e_hypotf.c
Unpacking /home/yellow/ti/ti-cgt-c6000_8.1.3/lib/src/addf.c
Unpacking /home/yellow/ti/ti-cgt-c6000_8.1.3/lib/src/s_copysignf.c
Unpacking /home/yellow/ti/ti-cgt-c6000_8.1.3/lib/src/deque
Unpacking /home/yellow/ti/ti-cgt-c6000_8.1.3/lib/src/s__construct.h
Unpacking /home/yellow/ti/ti-cgt-c6000_8.1.3/lib/src/s__string_io.c
Unpacking /home/yellow/ti/ti-cgt-c6000_8.1.3/lib/src/asinh.c
Unpacking /home/yellow/ti/ti-cgt-c6000_8.1.3/lib/src/rand.c
Unpacking /home/yellow/ti/ti-cgt-c6000_8.1.3/lib/src/strtoll.c
Unpacking /home/yellow/ti/ti-cgt-c6000_8.1.3/lib/src/s_cimagl.c
Unpacking /home/yellow/ti/ti-cgt-c6000_8.1.3/lib/src/exp2f_i.h
Unpacking /home/yellow/ti/ti-cgt-c6000_8.1.3/lib/src/s_ccoshf.c
Unpacking /home/yellow/ti/ti-cgt-c6000_8.1.3/lib/src/s_csinhf.c
Unpacking /home/yellow/ti/ti-cgt-c6000_8.1.3/lib/src/atexit.c
Unpacking /home/yellow/ti/ti-cgt-c6000_8.1.3/lib/src/s__cwchar.h
Unpacking /home/yellow/ti/ti-cgt-c6000_8.1.3/lib/src/tmzone.c
Unpacking /home/yellow/ti/ti-cgt-c6000_8.1.3/lib/src/fltuf.c
Unpacking /home/yellow/ti/ti-cgt-c6000_8.1.3/lib/src/s__monetary.c
Unpacking /home/yellow/ti/ti-cgt-c6000_8.1.3/lib/src/math_private.h
Unpacking /home/yellow/ti/ti-cgt-c6000_8.1.3/lib/src/strasg.asm
Unpacking /home/yellow/ti/ti-cgt-c6000_8.1.3/lib/src/iomanip
Unpacking /home/yellow/ti/ti-cgt-c6000_8.1.3/lib/src/e_exception
Unpacking /home/yellow/ti/ti-cgt-c6000_8.1.3/lib/src/cmpf_i.h
Unpacking /home/yellow/ti/ti-cgt-c6000_8.1.3/lib/src/c6x_vec.h
Unpacking /home/yellow/ti/ti-cgt-c6000_8.1.3/lib/src/s__range_errors.c
Unpacking /home/yellow/ti/ti-cgt-c6000_8.1.3/lib/src/s__string.c
Unpacking /home/yellow/ti/ti-cgt-c6000_8.1.3/lib/src/s__algobase.c
Unpacking /home/yellow/ti/ti-cgt-c6000_8.1.3/lib/src/s__csetjmp.h
Unpacking /home/yellow/ti/ti-cgt-c6000_8.1.3/lib/src/clock.c
Unpacking /home/yellow/ti/ti-cgt-c6000_8.1.3/lib/src/fltyf_i.h
Unpacking /home/yellow/ti/ti-cgt-c6000_8.1.3/lib/src/_io_perm.c
Unpacking /home/yellow/ti/ti-cgt-c6000_8.1.3/lib/src/isascii.c
Unpacking /home/yellow/ti/ti-cgt-c6000_8.1.3/lib/src/s__vector.h
Unpacking /home/yellow/ti/ti-cgt-c6000_8.1.3/lib/src/frcmpyf.c
Unpacking /home/yellow/ti/ti-cgt-c6000_8.1.3/lib/src/s__pthread_alloc.h
Unpacking /home/yellow/ti/ti-cgt-c6000_8.1.3/lib/src/cstddef
Unpacking /home/yellow/ti/ti-cgt-c6000_8.1.3/lib/src/trgdrv.c
Unpacking /home/yellow/ti/ti-cgt-c6000_8.1.3/lib/src/target.h
Unpacking /home/yellow/ti/ti-cgt-c6000_8.1.3/lib/src/s__cstdlib.h
Unpacking /home/yellow/ti/ti-cgt-c6000_8.1.3/lib/src/isinf.c
Unpacking /home/yellow/ti/ti-cgt-c6000_8.1.3/lib/src/_isfuncdcl.h
Unpacking /home/yellow/ti/ti-cgt-c6000_8.1.3/lib/src/s__ptrs_specialize.h
Unpacking /home/yellow/ti/ti-cgt-c6000_8.1.3/lib/src/locale_impl.h
Unpacking /home/yellow/ti/ti-cgt-c6000_8.1.3/lib/src/ios.cpp
Unpacking /home/yellow/ti/ti-cgt-c6000_8.1.3/lib/src/log2f.c
Unpacking /home/yellow/ti/ti-cgt-c6000_8.1.3/lib/src/math_intr_access.h
Unpacking /home/yellow/ti/ti-cgt-c6000_8.1.3/lib/src/fpclassifyf_i.h
Unpacking /home/yellow/ti/ti-cgt-c6000_8.1.3/lib/src/fgetc.c
Unpacking /home/yellow/ti/ti-cgt-c6000_8.1.3/lib/src/_reg_synch_api.h
Unpacking /home/yellow/ti/ti-cgt-c6000_8.1.3/lib/src/s__algobase.h
Unpacking /home/yellow/ti/ti-cgt-c6000_8.1.3/lib/src/list
Unpacking /home/yellow/ti/ti-cgt-c6000_8.1.3/lib/src/isnormalf_i.h
Unpacking /home/yellow/ti/ti-cgt-c6000_8.1.3/lib/src/sqrt.c
Unpacking /home/yellow/ti/ti-cgt-c6000_8.1.3/lib/src/cosf_i.h
Unpacking /home/yellow/ti/ti-cgt-c6000_8.1.3/lib/src/cassert
Unpacking /home/yellow/ti/ti-cgt-c6000_8.1.3/lib/src/memory.c
Unpacking /home/yellow/ti/ti-cgt-c6000_8.1.3/lib/src/s_type_traits.h
Unpacking /home/yellow/ti/ti-cgt-c6000_8.1.3/lib/src/sqrtf.c
Unpacking /home/yellow/ti/ti-cgt-c6000_8.1.3/lib/src/s__complex.h
Unpacking /home/yellow/ti/ti-cgt-c6000_8.1.3/lib/src/s__locale.h
Unpacking /home/yellow/ti/ti-cgt-c6000_8.1.3/lib/src/stdint.h
Unpacking /home/yellow/ti/ti-cgt-c6000_8.1.3/lib/src/frcaddd.h
Unpacking /home/yellow/ti/ti-cgt-c6000_8.1.3/lib/src/vec_newdel.cpp
Unpacking /home/yellow/ti/ti-cgt-c6000_8.1.3/lib/src/array_pnew.cpp
Unpacking /home/yellow/ti/ti-cgt-c6000_8.1.3/lib/src/istream.cpp
Unpacking /home/yellow/ti/ti-cgt-c6000_8.1.3/lib/src/s_cargl.c
Unpacking /home/yellow/ti/ti-cgt-c6000_8.1.3/lib/src/expf.c
Unpacking /home/yellow/ti/ti-cgt-c6000_8.1.3/lib/src/s_cpow.c
Unpacking /home/yellow/ti/ti-cgt-c6000_8.1.3/lib/src/tanhf_i.h
Unpacking /home/yellow/ti/ti-cgt-c6000_8.1.3/lib/src/floorf_i.h
Unpacking /home/yellow/ti/ti-cgt-c6000_8.1.3/lib/src/decode.c
Unpacking /home/yellow/ti/ti-cgt-c6000_8.1.3/lib/src/ldexp.c
Unpacking /home/yellow/ti/ti-cgt-c6000_8.1.3/lib/src/s__vector.c
Unpacking /home/yellow/ti/ti-cgt-c6000_8.1.3/lib/src/vars.cpp
Unpacking /home/yellow/ti/ti-cgt-c6000_8.1.3/lib/src/signbit.c
Unpacking /home/yellow/ti/ti-cgt-c6000_8.1.3/lib/src/s_conjl.c
Unpacking /home/yellow/ti/ti-cgt-c6000_8.1.3/lib/src/tdeh_init.cpp
Unpacking /home/yellow/ti/ti-cgt-c6000_8.1.3/lib/src/cotf_i.h
Unpacking /home/yellow/ti/ti-cgt-c6000_8.1.3/lib/src/isalpha.c
Unpacking /home/yellow/ti/ti-cgt-c6000_8.1.3/lib/src/collate.cpp
Unpacking /home/yellow/ti/ti-cgt-c6000_8.1.3/lib/src/acoshf_i.h
Unpacking /home/yellow/ti/ti-cgt-c6000_8.1.3/lib/src/s__iomanip.h
Unpacking /home/yellow/ti/ti-cgt-c6000_8.1.3/lib/src/renormf.c
Unpacking /home/yellow/ti/ti-cgt-c6000_8.1.3/lib/src/isdigit.c
Unpacking /home/yellow/ti/ti-cgt-c6000_8.1.3/lib/src/ascii.c
Unpacking /home/yellow/ti/ti-cgt-c6000_8.1.3/lib/src/nextafter_i.h
Unpacking /home/yellow/ti/ti-cgt-c6000_8.1.3/lib/src/s__streambuf.c
Unpacking /home/yellow/ti/ti-cgt-c6000_8.1.3/lib/src/renormd.h
Unpacking /home/yellow/ti/ti-cgt-c6000_8.1.3/lib/src/formi32.h
Unpacking /home/yellow/ti/ti-cgt-c6000_8.1.3/lib/src/divu.asm
Unpacking /home/yellow/ti/ti-cgt-c6000_8.1.3/lib/src/s__bitset.c
Unpacking /home/yellow/ti/ti-cgt-c6000_8.1.3/lib/src/subf.c
Unpacking /home/yellow/ti/ti-cgt-c6000_8.1.3/lib/src/frcdivf.h
Unpacking /home/yellow/ti/ti-cgt-c6000_8.1.3/lib/src/s__tempbuf.h
Unpacking /home/yellow/ti/ti-cgt-c6000_8.1.3/lib/src/s__facets_fwd.h
Unpacking /home/yellow/ti/ti-cgt-c6000_8.1.3/lib/src/s_cprojf.c
Unpacking /home/yellow/ti/ti-cgt-c6000_8.1.3/lib/src/clearerr.c
Unpacking /home/yellow/ti/ti-cgt-c6000_8.1.3/lib/src/acotf.c
Unpacking /home/yellow/ti/ti-cgt-c6000_8.1.3/lib/src/fltllif.c
Unpacking /home/yellow/ti/ti-cgt-c6000_8.1.3/lib/src/frcdivf1_i.h
Unpacking /home/yellow/ti/ti-cgt-c6000_8.1.3/lib/src/eqld.c
Unpacking /home/yellow/ti/ti-cgt-c6000_8.1.3/lib/src/asctime.c
Unpacking /home/yellow/ti/ti-cgt-c6000_8.1.3/lib/src/frcmpyf_div.c
Unpacking /home/yellow/ti/ti-cgt-c6000_8.1.3/lib/src/tdeh_pr_common.cpp
Unpacking /home/yellow/ti/ti-cgt-c6000_8.1.3/lib/src/fcvt.c
Unpacking /home/yellow/ti/ti-cgt-c6000_8.1.3/lib/src/setlocale.c
Unpacking /home/yellow/ti/ti-cgt-c6000_8.1.3/lib/src/isinff_i.h
Unpacking /home/yellow/ti/ti-cgt-c6000_8.1.3/lib/src/pow.c
Unpacking /home/yellow/ti/ti-cgt-c6000_8.1.3/lib/src/tanf_i.h
Unpacking /home/yellow/ti/ti-cgt-c6000_8.1.3/lib/src/s__cstring.h
Unpacking /home/yellow/ti/ti-cgt-c6000_8.1.3/lib/src/s__messages_facets.h
Unpacking /home/yellow/ti/ti-cgt-c6000_8.1.3/lib/src/isnanf.c
Unpacking /home/yellow/ti/ti-cgt-c6000_8.1.3/lib/src/frcdivd.c
Unpacking /home/yellow/ti/ti-cgt-c6000_8.1.3/lib/src/c_locale.h
Unpacking /home/yellow/ti/ti-cgt-c6000_8.1.3/lib/src/s__ioserr.h
Unpacking /home/yellow/ti/ti-cgt-c6000_8.1.3/lib/src/tdeh_unwinder.cpp
Unpacking /home/yellow/ti/ti-cgt-c6000_8.1.3/lib/src/_printfi_min.c
Unpacking /home/yellow/ti/ti-cgt-c6000_8.1.3/lib/src/cothf_i.h
Unpacking /home/yellow/ti/ti-cgt-c6000_8.1.3/lib/src/s__ctype.h
Unpacking /home/yellow/ti/ti-cgt-c6000_8.1.3/lib/src/vprintf.c
Unpacking /home/yellow/ti/ti-cgt-c6000_8.1.3/lib/src/lssf_i.h
Unpacking /home/yellow/ti/ti-cgt-c6000_8.1.3/lib/src/memzero.h
Unpacking /home/yellow/ti/ti-cgt-c6000_8.1.3/lib/src/fltlid.c
Unpacking /home/yellow/ti/ti-cgt-c6000_8.1.3/lib/src/s__prolog.h
Unpacking /home/yellow/ti/ti-cgt-c6000_8.1.3/lib/src/atoll.c
Unpacking /home/yellow/ti/ti-cgt-c6000_8.1.3/lib/src/fixflli.c
Unpacking /home/yellow/ti/ti-cgt-c6000_8.1.3/lib/src/frcmpyf1_i.h
Unpacking /home/yellow/ti/ti-cgt-c6000_8.1.3/lib/src/fltulld.c
Unpacking /home/yellow/ti/ti-cgt-c6000_8.1.3/lib/src/functional
Unpacking /home/yellow/ti/ti-cgt-c6000_8.1.3/lib/src/s__relops_cont.h
Unpacking /home/yellow/ti/ti-cgt-c6000_8.1.3/lib/src/new_.cpp
Unpacking /home/yellow/ti/ti-cgt-c6000_8.1.3/lib/src/_tls.h
Unpacking /home/yellow/ti/ti-cgt-c6000_8.1.3/lib/src/s__tree.h
Unpacking /home/yellow/ti/ti-cgt-c6000_8.1.3/lib/src/fixdi.c
Unpacking /home/yellow/ti/ti-cgt-c6000_8.1.3/lib/src/atanh.c
Unpacking /home/yellow/ti/ti-cgt-c6000_8.1.3/lib/src/exception_.cpp
Unpacking /home/yellow/ti/ti-cgt-c6000_8.1.3/lib/src/_printfi.c
Unpacking /home/yellow/ti/ti-cgt-c6000_8.1.3/lib/src/_tvaltostr.c
Unpacking /home/yellow/ti/ti-cgt-c6000_8.1.3/lib/src/atan2.c
Unpacking /home/yellow/ti/ti-cgt-c6000_8.1.3/lib/src/string.cpp
Unpacking /home/yellow/ti/ti-cgt-c6000_8.1.3/lib/src/_lock.h
Unpacking /home/yellow/ti/ti-cgt-c6000_8.1.3/lib/src/ceilf.c
Unpacking /home/yellow/ti/ti-cgt-c6000_8.1.3/lib/src/s__stream_iterator.h
Unpacking /home/yellow/ti/ti-cgt-c6000_8.1.3/lib/src/s__tempbuf.c
Unpacking /home/yellow/ti/ti-cgt-c6000_8.1.3/lib/src/s_boost_type_traits.h
Unpacking /home/yellow/ti/ti-cgt-c6000_8.1.3/lib/src/stdio.h
Unpacking /home/yellow/ti/ti-cgt-c6000_8.1.3/lib/src/catrig.c
Unpacking /home/yellow/ti/ti-cgt-c6000_8.1.3/lib/src/divrem.c
Unpacking /home/yellow/ti/ti-cgt-c6000_8.1.3/lib/src/frexpf.c
Unpacking /home/yellow/ti/ti-cgt-c6000_8.1.3/lib/src/boot.c
Unpacking /home/yellow/ti/ti-cgt-c6000_8.1.3/lib/src/cothf.c
Unpacking /home/yellow/ti/ti-cgt-c6000_8.1.3/lib/src/pure_virt.cpp
Unpacking /home/yellow/ti/ti-cgt-c6000_8.1.3/lib/src/exp10.c
Unpacking /home/yellow/ti/ti-cgt-c6000_8.1.3/lib/src/setjmp.h
Unpacking /home/yellow/ti/ti-cgt-c6000_8.1.3/lib/src/s__string_base.h
Unpacking /home/yellow/ti/ti-cgt-c6000_8.1.3/lib/src/w_cabsf.c
Unpacking /home/yellow/ti/ti-cgt-c6000_8.1.3/lib/src/log10f.c
Unpacking /home/yellow/ti/ti-cgt-c6000_8.1.3/lib/src/frcmpyf_div_i.h
Unpacking /home/yellow/ti/ti-cgt-c6000_8.1.3/lib/src/copy_decompress_none.c
Unpacking /home/yellow/ti/ti-cgt-c6000_8.1.3/lib/src/s__hash_fun.h
Unpacking /home/yellow/ti/ti-cgt-c6000_8.1.3/lib/src/fixfi.c
Unpacking /home/yellow/ti/ti-cgt-c6000_8.1.3/lib/src/acot2.c
Unpacking /home/yellow/ti/ti-cgt-c6000_8.1.3/lib/src/s_p__tools.h
Unpacking /home/yellow/ti/ti-cgt-c6000_8.1.3/lib/src/complex_trig.cpp
Unpacking /home/yellow/ti/ti-cgt-c6000_8.1.3/lib/src/args_main.c
Unpacking /home/yellow/ti/ti-cgt-c6000_8.1.3/lib/src/fseek.c
Unpacking /home/yellow/ti/ti-cgt-c6000_8.1.3/lib/src/acot2f.c
Unpacking /home/yellow/ti/ti-cgt-c6000_8.1.3/lib/src/_ctype.cpp
Unpacking /home/yellow/ti/ti-cgt-c6000_8.1.3/lib/src/s__rope.c
Unpacking /home/yellow/ti/ti-cgt-c6000_8.1.3/lib/src/s_c__ti.h
Unpacking /home/yellow/ti/ti-cgt-c6000_8.1.3/lib/src/dtor_list.cpp
Unpacking /home/yellow/ti/ti-cgt-c6000_8.1.3/lib/src/s__heap.h
Unpacking /home/yellow/ti/ti-cgt-c6000_8.1.3/lib/src/stdarg.h
Unpacking /home/yellow/ti/ti-cgt-c6000_8.1.3/lib/src/atan2f_i.h
Unpacking /home/yellow/ti/ti-cgt-c6000_8.1.3/lib/src/eqlf_i.h
Unpacking /home/yellow/ti/ti-cgt-c6000_8.1.3/lib/src/ieeemask.h
Unpacking /home/yellow/ti/ti-cgt-c6000_8.1.3/lib/src/message_facets.h
Unpacking /home/yellow/ti/ti-cgt-c6000_8.1.3/lib/src/fltxf_i.h
Unpacking /home/yellow/ti/ti-cgt-c6000_8.1.3/lib/src/s_c_user_config.h
Unpacking /home/yellow/ti/ti-cgt-c6000_8.1.3/lib/src/s_ctanh.c
Unpacking /home/yellow/ti/ti-cgt-c6000_8.1.3/lib/src/copy_decompress_lzss.c
Unpacking /home/yellow/ti/ti-cgt-c6000_8.1.3/lib/src/acosf_i.h
Unpacking /home/yellow/ti/ti-cgt-c6000_8.1.3/lib/src/strftime.c
Unpacking /home/yellow/ti/ti-cgt-c6000_8.1.3/lib/src/divtypes.h
Unpacking /home/yellow/ti/ti-cgt-c6000_8.1.3/lib/src/s__valarray.h
Unpacking /home/yellow/ti/ti-cgt-c6000_8.1.3/lib/src/acquire_release.h
Unpacking /home/yellow/ti/ti-cgt-c6000_8.1.3/lib/src/allocators.cpp
Unpacking /home/yellow/ti/ti-cgt-c6000_8.1.3/lib/src/memcpy62.c
Unpacking /home/yellow/ti/ti-cgt-c6000_8.1.3/lib/src/autoinit.c
Unpacking /home/yellow/ti/ti-cgt-c6000_8.1.3/lib/src/math.h
Unpacking /home/yellow/ti/ti-cgt-c6000_8.1.3/lib/src/s_clogl.c
Unpacking /home/yellow/ti/ti-cgt-c6000_8.1.3/lib/src/sinf_i.h
Unpacking /home/yellow/ti/ti-cgt-c6000_8.1.3/lib/src/config.h
Unpacking /home/yellow/ti/ti-cgt-c6000_8.1.3/lib/src/_fmt_specifier.h
Unpacking /home/yellow/ti/ti-cgt-c6000_8.1.3/lib/src/abs.c
Unpacking /home/yellow/ti/ti-cgt-c6000_8.1.3/lib/src/s_p__slist.h
Unpacking /home/yellow/ti/ti-cgt-c6000_8.1.3/lib/src/powi.c
Unpacking /home/yellow/ti/ti-cgt-c6000_8.1.3/lib/src/s__hash_map.h
Unpacking /home/yellow/ti/ti-cgt-c6000_8.1.3/lib/src/round.c
Unpacking /home/yellow/ti/ti-cgt-c6000_8.1.3/lib/src/reald.h
Unpacking /home/yellow/ti/ti-cgt-c6000_8.1.3/lib/src/acoth.c
Unpacking /home/yellow/ti/ti-cgt-c6000_8.1.3/lib/src/_reg_mutex_api.h
Unpacking /home/yellow/ti/ti-cgt-c6000_8.1.3/lib/src/s__queue.h
Unpacking /home/yellow/ti/ti-cgt-c6000_8.1.3/lib/src/errno.h
Unpacking /home/yellow/ti/ti-cgt-c6000_8.1.3/lib/src/rsqrtf_i.h
Unpacking /home/yellow/ti/ti-cgt-c6000_8.1.3/lib/src/vec_newdel.h
Unpacking /home/yellow/ti/ti-cgt-c6000_8.1.3/lib/src/rewind.c
Unpacking /home/yellow/ti/ti-cgt-c6000_8.1.3/lib/src/unified_locale.cpp
Unpacking /home/yellow/ti/ti-cgt-c6000_8.1.3/lib/src/strtof.c
Unpacking /home/yellow/ti/ti-cgt-c6000_8.1.3/lib/src/qsort.c
Unpacking /home/yellow/ti/ti-cgt-c6000_8.1.3/lib/src/absf_i.h
Unpacking /home/yellow/ti/ti-cgt-c6000_8.1.3/lib/src/expf_i.h
Unpacking /home/yellow/ti/ti-cgt-c6000_8.1.3/lib/src/s_clogf.c
Unpacking /home/yellow/ti/ti-cgt-c6000_8.1.3/lib/src/fmod.c
Unpacking /home/yellow/ti/ti-cgt-c6000_8.1.3/lib/src/_data_synch.h
Unpacking /home/yellow/ti/ti-cgt-c6000_8.1.3/lib/src/ctype.c
Unpacking /home/yellow/ti/ti-cgt-c6000_8.1.3/lib/src/limits
Unpacking /home/yellow/ti/ti-cgt-c6000_8.1.3/lib/src/getenv.c
Unpacking /home/yellow/ti/ti-cgt-c6000_8.1.3/lib/src/s__algo.c
Unpacking /home/yellow/ti/ti-cgt-c6000_8.1.3/lib/src/fixfy_i.h
Unpacking /home/yellow/ti/ti-cgt-c6000_8.1.3/lib/src/tanh.c
Unpacking /home/yellow/ti/ti-cgt-c6000_8.1.3/lib/src/wcsncpy.c
Unpacking /home/yellow/ti/ti-cgt-c6000_8.1.3/lib/src/logf_i.h
Unpacking /home/yellow/ti/ti-cgt-c6000_8.1.3/lib/src/dtos.c
Unpacking /home/yellow/ti/ti-cgt-c6000_8.1.3/lib/src/remove.c
Unpacking /home/yellow/ti/ti-cgt-c6000_8.1.3/lib/src/locale.h
Unpacking /home/yellow/ti/ti-cgt-c6000_8.1.3/lib/src/remu.asm
Unpacking /home/yellow/ti/ti-cgt-c6000_8.1.3/lib/src/modff.c
Unpacking /home/yellow/ti/ti-cgt-c6000_8.1.3/lib/src/exp2f.c
Unpacking /home/yellow/ti/ti-cgt-c6000_8.1.3/lib/src/array_nonew.cpp
Unpacking /home/yellow/ti/ti-cgt-c6000_8.1.3/lib/src/formi.h
Unpacking /home/yellow/ti/ti-cgt-c6000_8.1.3/lib/src/imaxdiv.c
Unpacking /home/yellow/ti/ti-cgt-c6000_8.1.3/lib/src/locale_impl.cpp
Unpacking /home/yellow/ti/ti-cgt-c6000_8.1.3/lib/src/s_p__deque.h
Unpacking /home/yellow/ti/ti-cgt-c6000_8.1.3/lib/src/ctime64.c
Unpacking /home/yellow/ti/ti-cgt-c6000_8.1.3/lib/src/s__list.c
Unpacking /home/yellow/ti/ti-cgt-c6000_8.1.3/lib/src/gsmfuncs.c
Unpacking /home/yellow/ti/ti-cgt-c6000_8.1.3/lib/src/imaxabs.c
Unpacking /home/yellow/ti/ti-cgt-c6000_8.1.3/lib/src/s__set.h
Unpacking /home/yellow/ti/ti-cgt-c6000_8.1.3/lib/src/_printfi_nf.c
Unpacking /home/yellow/ti/ti-cgt-c6000_8.1.3/lib/src/float_config.h
Unpacking /home/yellow/ti/ti-cgt-c6000_8.1.3/lib/src/cpp_inline_math.h
Unpacking /home/yellow/ti/ti-cgt-c6000_8.1.3/lib/src/s_type_manips.h
Unpacking /home/yellow/ti/ti-cgt-c6000_8.1.3/lib/src/strtoul.c
Unpacking /home/yellow/ti/ti-cgt-c6000_8.1.3/lib/src/divremx_i.h
Unpacking /home/yellow/ti/ti-cgt-c6000_8.1.3/lib/src/acotf_i.h
Unpacking /home/yellow/ti/ti-cgt-c6000_8.1.3/lib/src/autoinit.h
Unpacking /home/yellow/ti/ti-cgt-c6000_8.1.3/lib/src/floor.c
Unpacking /home/yellow/ti/ti-cgt-c6000_8.1.3/lib/src/isprint.c
Unpacking /home/yellow/ti/ti-cgt-c6000_8.1.3/lib/src/div.c
Unpacking /home/yellow/ti/ti-cgt-c6000_8.1.3/lib/src/s__clocale.h
Unpacking /home/yellow/ti/ti-cgt-c6000_8.1.3/lib/src/s__ostreambuf_iterator.h
Unpacking /home/yellow/ti/ti-cgt-c6000_8.1.3/lib/src/iscntrl.c
Unpacking /home/yellow/ti/ti-cgt-c6000_8.1.3/lib/src/modf.c
Unpacking /home/yellow/ti/ti-cgt-c6000_8.1.3/lib/src/isnormal.c
Unpacking /home/yellow/ti/ti-cgt-c6000_8.1.3/lib/src/sstream.cpp
Unpacking /home/yellow/ti/ti-cgt-c6000_8.1.3/lib/src/strcasecmp.c
Unpacking /home/yellow/ti/ti-cgt-c6000_8.1.3/lib/src/vec_cctor.cpp
Unpacking /home/yellow/ti/ti-cgt-c6000_8.1.3/lib/src/frcdivf.c
Unpacking /home/yellow/ti/ti-cgt-c6000_8.1.3/lib/src/acothf_i.h
Unpacking /home/yellow/ti/ti-cgt-c6000_8.1.3/lib/src/s__iostream_string.h
Unpacking /home/yellow/ti/ti-cgt-c6000_8.1.3/lib/src/strpbrk.c
Unpacking /home/yellow/ti/ti-cgt-c6000_8.1.3/lib/src/_scanfi_min.c
Unpacking /home/yellow/ti/ti-cgt-c6000_8.1.3/lib/src/num_put_float.cpp
Unpacking /home/yellow/ti/ti-cgt-c6000_8.1.3/lib/src/_mutex.h
Unpacking /home/yellow/ti/ti-cgt-c6000_8.1.3/lib/src/s__time_facets.c
Unpacking /home/yellow/ti/ti-cgt-c6000_8.1.3/lib/src/s_c__epilog.h
Unpacking /home/yellow/ti/ti-cgt-c6000_8.1.3/lib/src/vsnprintf.c
Unpacking /home/yellow/ti/ti-cgt-c6000_8.1.3/lib/src/s__istreambuf_iterator.h
Unpacking /home/yellow/ti/ti-cgt-c6000_8.1.3/lib/src/tmpfile.c
Unpacking /home/yellow/ti/ti-cgt-c6000_8.1.3/lib/src/formi64.h
Unpacking /home/yellow/ti/ti-cgt-c6000_8.1.3/lib/src/cmpf.c
Unpacking /home/yellow/ti/ti-cgt-c6000_8.1.3/lib/src/s__auto_ptr.h
Unpacking /home/yellow/ti/ti-cgt-c6000_8.1.3/lib/src/coshf_i.h
Unpacking /home/yellow/ti/ti-cgt-c6000_8.1.3/lib/src/k_expf.c
Unpacking /home/yellow/ti/ti-cgt-c6000_8.1.3/lib/src/s_c__system.h
Unpacking /home/yellow/ti/ti-cgt-c6000_8.1.3/lib/src/cctype
Unpacking /home/yellow/ti/ti-cgt-c6000_8.1.3/lib/src/array_nodel.cpp
Unpacking /home/yellow/ti/ti-cgt-c6000_8.1.3/lib/src/s__ostream.c
Unpacking /home/yellow/ti/ti-cgt-c6000_8.1.3/lib/src/s_p__vector.h
Unpacking /home/yellow/ti/ti-cgt-c6000_8.1.3/lib/src/push.asm
Unpacking /home/yellow/ti/ti-cgt-c6000_8.1.3/lib/src/log2f_i.h
Unpacking /home/yellow/ti/ti-cgt-c6000_8.1.3/lib/src/vfprintf.c
Unpacking /home/yellow/ti/ti-cgt-c6000_8.1.3/lib/src/fixfull.c
Unpacking /home/yellow/ti/ti-cgt-c6000_8.1.3/lib/src/s__numeric.c
Unpacking /home/yellow/ti/ti-cgt-c6000_8.1.3/lib/src/mpyd.c
Unpacking /home/yellow/ti/ti-cgt-c6000_8.1.3/lib/src/ostream
Unpacking /home/yellow/ti/ti-cgt-c6000_8.1.3/lib/src/.wipe
Unpacking /home/yellow/ti/ti-cgt-c6000_8.1.3/include/s__alloc.c
Unpacking /home/yellow/ti/ti-cgt-c6000_8.1.3/include/complex
Unpacking /home/yellow/ti/ti-cgt-c6000_8.1.3/include/s_p__set.h
Unpacking /home/yellow/ti/ti-cgt-c6000_8.1.3/include/locale
Unpacking /home/yellow/ti/ti-cgt-c6000_8.1.3/include/s__rope.h
Unpacking /home/yellow/ti/ti-cgt-c6000_8.1.3/include/s__monetary.h
Unpacking /home/yellow/ti/ti-cgt-c6000_8.1.3/include/s__ios.c
Unpacking /home/yellow/ti/ti-cgt-c6000_8.1.3/include/s__relops_hash_cont.h
Unpacking /home/yellow/ti/ti-cgt-c6000_8.1.3/include/s__complex.c
Unpacking /home/yellow/ti/ti-cgt-c6000_8.1.3/include/cfloat
Unpacking /home/yellow/ti/ti-cgt-c6000_8.1.3/include/s__streambuf.h
Unpacking /home/yellow/ti/ti-cgt-c6000_8.1.3/include/s__fstream.c
Unpacking /home/yellow/ti/ti-cgt-c6000_8.1.3/include/s__pair.h
Unpacking /home/yellow/ti/ti-cgt-c6000_8.1.3/include/s_c_host.h
Unpacking /home/yellow/ti/ti-cgt-c6000_8.1.3/include/s__hashtable.h
Unpacking /home/yellow/ti/ti-cgt-c6000_8.1.3/include/s__string_hash.h
Unpacking /home/yellow/ti/ti-cgt-c6000_8.1.3/include/s_d__debug.h
Unpacking /home/yellow/ti/ti-cgt-c6000_8.1.3/include/s__config_compat_post.h
Unpacking /home/yellow/ti/ti-cgt-c6000_8.1.3/include/fstream
Unpacking /home/yellow/ti/ti-cgt-c6000_8.1.3/include/new
Unpacking /home/yellow/ti/ti-cgt-c6000_8.1.3/include/s__list.h
Unpacking /home/yellow/ti/ti-cgt-c6000_8.1.3/include/s__stdexcept_base.h
Unpacking /home/yellow/ti/ti-cgt-c6000_8.1.3/include/c6x.h
Unpacking /home/yellow/ti/ti-cgt-c6000_8.1.3/include/s_c_features.h
Unpacking /home/yellow/ti/ti-cgt-c6000_8.1.3/include/s__string_sum_methods.h
Unpacking /home/yellow/ti/ti-cgt-c6000_8.1.3/include/file.h
Unpacking /home/yellow/ti/ti-cgt-c6000_8.1.3/include/cstdio
Unpacking /home/yellow/ti/ti-cgt-c6000_8.1.3/include/_defs.h
Unpacking /home/yellow/ti/ti-cgt-c6000_8.1.3/include/ciso646
Unpacking /home/yellow/ti/ti-cgt-c6000_8.1.3/include/_isfuncdef.h
Unpacking /home/yellow/ti/ti-cgt-c6000_8.1.3/include/elfnames.h
Unpacking /home/yellow/ti/ti-cgt-c6000_8.1.3/include/s__exception.h
Unpacking /home/yellow/ti/ti-cgt-c6000_8.1.3/include/s__string_npos.h
Unpacking /home/yellow/ti/ti-cgt-c6000_8.1.3/include/s__ios_base.h
Unpacking /home/yellow/ti/ti-cgt-c6000_8.1.3/include/s__stdexcept.h
Unpacking /home/yellow/ti/ti-cgt-c6000_8.1.3/include/stdbool.h
Unpacking /home/yellow/ti/ti-cgt-c6000_8.1.3/include/s__iterator.h
Unpacking /home/yellow/ti/ti-cgt-c6000_8.1.3/include/s__threads.h
Unpacking /home/yellow/ti/ti-cgt-c6000_8.1.3/include/s__unordered_set.h
Unpacking /home/yellow/ti/ti-cgt-c6000_8.1.3/include/s__slist_base.h
Unpacking /home/yellow/ti/ti-cgt-c6000_8.1.3/include/s__raw_storage_iter.h
Unpacking /home/yellow/ti/ti-cgt-c6000_8.1.3/include/map
Unpacking /home/yellow/ti/ti-cgt-c6000_8.1.3/include/elf_linkage.h
Unpacking /home/yellow/ti/ti-cgt-c6000_8.1.3/include/iostream
Unpacking /home/yellow/ti/ti-cgt-c6000_8.1.3/include/s__iosfwd.h
Unpacking /home/yellow/ti/ti-cgt-c6000_8.1.3/include/s__function_adaptors.h
Unpacking /home/yellow/ti/ti-cgt-c6000_8.1.3/include/s__strstream.h
Unpacking /home/yellow/ti/ti-cgt-c6000_8.1.3/include/s__ctime.h
Unpacking /home/yellow/ti/ti-cgt-c6000_8.1.3/include/s__tree.c
Unpacking /home/yellow/ti/ti-cgt-c6000_8.1.3/include/s__cwctype.h
Unpacking /home/yellow/ti/ti-cgt-c6000_8.1.3/include/s__cmath.h
Unpacking /home/yellow/ti/ti-cgt-c6000_8.1.3/include/stddef.h
Unpacking /home/yellow/ti/ti-cgt-c6000_8.1.3/include/wchar.h
Unpacking /home/yellow/ti/ti-cgt-c6000_8.1.3/include/s__hashtable.c
Unpacking /home/yellow/ti/ti-cgt-c6000_8.1.3/include/cerrno
Unpacking /home/yellow/ti/ti-cgt-c6000_8.1.3/include/s__deque.h
Unpacking /home/yellow/ti/ti-cgt-c6000_8.1.3/include/time.h
Unpacking /home/yellow/ti/ti-cgt-c6000_8.1.3/include/signal.h
Unpacking /home/yellow/ti/ti-cgt-c6000_8.1.3/include/s__num_get.h
Unpacking /home/yellow/ti/ti-cgt-c6000_8.1.3/include/float.h
Unpacking /home/yellow/ti/ti-cgt-c6000_8.1.3/include/s__ctraits_fns.h
Unpacking /home/yellow/ti/ti-cgt-c6000_8.1.3/include/algorithm
Unpacking /home/yellow/ti/ti-cgt-c6000_8.1.3/include/exception
Unpacking /home/yellow/ti/ti-cgt-c6000_8.1.3/include/linkage.h
Unpacking /home/yellow/ti/ti-cgt-c6000_8.1.3/include/s_p__list.h
Unpacking /home/yellow/ti/ti-cgt-c6000_8.1.3/include/hash_map
Unpacking /home/yellow/ti/ti-cgt-c6000_8.1.3/include/iosfwd
Unpacking /home/yellow/ti/ti-cgt-c6000_8.1.3/include/s__slist.c
Unpacking /home/yellow/ti/ti-cgt-c6000_8.1.3/include/s_char_traits.h
Unpacking /home/yellow/ti/ti-cgt-c6000_8.1.3/include/s_concept_checks.h
Unpacking /home/yellow/ti/ti-cgt-c6000_8.1.3/include/s__map.h
Unpacking /home/yellow/ti/ti-cgt-c6000_8.1.3/include/pprof.h
Unpacking /home/yellow/ti/ti-cgt-c6000_8.1.3/include/s__cctype.h
Unpacking /home/yellow/ti/ti-cgt-c6000_8.1.3/include/s__iterator_base.h
Unpacking /home/yellow/ti/ti-cgt-c6000_8.1.3/include/s__algo.h
Unpacking /home/yellow/ti/ti-cgt-c6000_8.1.3/include/hash_set
Unpacking /home/yellow/ti/ti-cgt-c6000_8.1.3/include/string.h
Unpacking /home/yellow/ti/ti-cgt-c6000_8.1.3/include/s__heap.c
Unpacking /home/yellow/ti/ti-cgt-c6000_8.1.3/include/vect.h
Unpacking /home/yellow/ti/ti-cgt-c6000_8.1.3/include/cwchar
Unpacking /home/yellow/ti/ti-cgt-c6000_8.1.3/include/s__codecvt.h
Unpacking /home/yellow/ti/ti-cgt-c6000_8.1.3/include/inttypes.h
Unpacking /home/yellow/ti/ti-cgt-c6000_8.1.3/include/strings.h
Unpacking /home/yellow/ti/ti-cgt-c6000_8.1.3/include/csignal
Unpacking /home/yellow/ti/ti-cgt-c6000_8.1.3/include/s__limits.h
Unpacking /home/yellow/ti/ti-cgt-c6000_8.1.3/include/s__unordered_map.h
Unpacking /home/yellow/ti/ti-cgt-c6000_8.1.3/include/s__numpunct.h
Unpacking /home/yellow/ti/ti-cgt-c6000_8.1.3/include/s__num_put.c
Unpacking /home/yellow/ti/ti-cgt-c6000_8.1.3/include/s_c_compat.h
Unpacking /home/yellow/ti/ti-cgt-c6000_8.1.3/include/c60asm.i
Unpacking /home/yellow/ti/ti-cgt-c6000_8.1.3/include/cwctype
Unpacking /home/yellow/ti/ti-cgt-c6000_8.1.3/include/ctype.h
Unpacking /home/yellow/ti/ti-cgt-c6000_8.1.3/include/s__stlport_version.h
Unpacking /home/yellow/ti/ti-cgt-c6000_8.1.3/include/s__uninitialized.h
Unpacking /home/yellow/ti/ti-cgt-c6000_8.1.3/include/stdlib.h
Unpacking /home/yellow/ti/ti-cgt-c6000_8.1.3/include/s_c_stl_confix.h
Unpacking /home/yellow/ti/ti-cgt-c6000_8.1.3/include/s__move_construct_fwk.h
Unpacking /home/yellow/ti/ti-cgt-c6000_8.1.3/include/s__time_facets.h
Unpacking /home/yellow/ti/ti-cgt-c6000_8.1.3/include/e_typeinfo
Unpacking /home/yellow/ti/ti-cgt-c6000_8.1.3/include/climits
Unpacking /home/yellow/ti/ti-cgt-c6000_8.1.3/include/cstdlib
Unpacking /home/yellow/ti/ti-cgt-c6000_8.1.3/include/s__cstdio.h
Unpacking /home/yellow/ti/ti-cgt-c6000_8.1.3/include/wctype.h
Unpacking /home/yellow/ti/ti-cgt-c6000_8.1.3/include/_pthread.h
Unpacking /home/yellow/ti/ti-cgt-c6000_8.1.3/include/s__sstream.h
Unpacking /home/yellow/ti/ti-cgt-c6000_8.1.3/include/memory
Unpacking /home/yellow/ti/ti-cgt-c6000_8.1.3/include/bitset
Unpacking /home/yellow/ti/ti-cgt-c6000_8.1.3/include/limits.h
Unpacking /home/yellow/ti/ti-cgt-c6000_8.1.3/include/s__valarray.c
Unpacking /home/yellow/ti/ti-cgt-c6000_8.1.3/include/cmath
Unpacking /home/yellow/ti/ti-cgt-c6000_8.1.3/include/s__bitset.h
Unpacking /home/yellow/ti/ti-cgt-c6000_8.1.3/include/s__string_fwd.h
Unpacking /home/yellow/ti/ti-cgt-c6000_8.1.3/include/s__iterator_old.h
Unpacking /home/yellow/ti/ti-cgt-c6000_8.1.3/include/cstdarg
Unpacking /home/yellow/ti/ti-cgt-c6000_8.1.3/include/s__fstream.h
Unpacking /home/yellow/ti/ti-cgt-c6000_8.1.3/include/s__threads.c
Unpacking /home/yellow/ti/ti-cgt-c6000_8.1.3/include/s__function.h
Unpacking /home/yellow/ti/ti-cgt-c6000_8.1.3/include/ctime
Unpacking /home/yellow/ti/ti-cgt-c6000_8.1.3/include/s__epilog.h
Unpacking /home/yellow/ti/ti-cgt-c6000_8.1.3/include/s_c_locale.h
Unpacking /home/yellow/ti/ti-cgt-c6000_8.1.3/include/s__stdexcept_base.c
Unpacking /home/yellow/ti/ti-cgt-c6000_8.1.3/include/cstring
Unpacking /home/yellow/ti/ti-cgt-c6000_8.1.3/include/s__collate.h
Unpacking /home/yellow/ti/ti-cgt-c6000_8.1.3/include/mathl.h
Unpacking /home/yellow/ti/ti-cgt-c6000_8.1.3/include/complex.h
Unpacking /home/yellow/ti/ti-cgt-c6000_8.1.3/include/clocale
Unpacking /home/yellow/ti/ti-cgt-c6000_8.1.3/include/s__bvector.h
Unpacking /home/yellow/ti/ti-cgt-c6000_8.1.3/include/s__range_errors.h
Unpacking /home/yellow/ti/ti-cgt-c6000_8.1.3/include/s__istream.h
Unpacking /home/yellow/ti/ti-cgt-c6000_8.1.3/include/s__mbstate_t.h
Unpacking /home/yellow/ti/ti-cgt-c6000_8.1.3/include/ios
Unpacking /home/yellow/ti/ti-cgt-c6000_8.1.3/include/s__string.h
Unpacking /home/yellow/ti/ti-cgt-c6000_8.1.3/include/s__stack.h
Unpacking /home/yellow/ti/ti-cgt-c6000_8.1.3/include/iterator
Unpacking /home/yellow/ti/ti-cgt-c6000_8.1.3/include/s__num_put.h
Unpacking /home/yellow/ti/ti-cgt-c6000_8.1.3/include/s__slist_base.c
Unpacking /home/yellow/ti/ti-cgt-c6000_8.1.3/include/mathf.h
Unpacking /home/yellow/ti/ti-cgt-c6000_8.1.3/include/s__typeinfo.h
Unpacking /home/yellow/ti/ti-cgt-c6000_8.1.3/include/istream
Unpacking /home/yellow/ti/ti-cgt-c6000_8.1.3/include/s_c__prolog.h
Unpacking /home/yellow/ti/ti-cgt-c6000_8.1.3/include/s__ios.h
Unpacking /home/yellow/ti/ti-cgt-c6000_8.1.3/include/e_new
Unpacking /home/yellow/ti/ti-cgt-c6000_8.1.3/include/s__string_operators.h
Unpacking /home/yellow/ti/ti-cgt-c6000_8.1.3/include/s__csignal.h
Unpacking /home/yellow/ti/ti-cgt-c6000_8.1.3/include/s__deque.c
Unpacking /home/yellow/ti/ti-cgt-c6000_8.1.3/include/s__num_get.c
Unpacking /home/yellow/ti/ti-cgt-c6000_8.1.3/include/s__limits.c
Unpacking /home/yellow/ti/ti-cgt-c6000_8.1.3/include/s__cstdarg.h
Unpacking /home/yellow/ti/ti-cgt-c6000_8.1.3/include/s__numeric.h
Unpacking /home/yellow/ti/ti-cgt-c6000_8.1.3/include/s__string_sum.h
Unpacking /home/yellow/ti/ti-cgt-c6000_8.1.3/include/s__carray.h
Unpacking /home/yellow/ti/ti-cgt-c6000_8.1.3/include/s__new.h
Unpacking /home/yellow/ti/ti-cgt-c6000_8.1.3/include/s__function_base.h
Unpacking /home/yellow/ti/ti-cgt-c6000_8.1.3/include/cpy_tbl.h
Unpacking /home/yellow/ti/ti-cgt-c6000_8.1.3/include/s__slist.h
Unpacking /home/yellow/ti/ti-cgt-c6000_8.1.3/include/s__istream.c
Unpacking /home/yellow/ti/ti-cgt-c6000_8.1.3/include/assert.h
Unpacking /home/yellow/ti/ti-cgt-c6000_8.1.3/include/s__string_io.h
Unpacking /home/yellow/ti/ti-cgt-c6000_8.1.3/include/csetjmp
Unpacking /home/yellow/ti/ti-cgt-c6000_8.1.3/include/iso646.h
Unpacking /home/yellow/ti/ti-cgt-c6000_8.1.3/include/s__hash_set.h
Unpacking /home/yellow/ti/ti-cgt-c6000_8.1.3/include/s__cprolog.h
Unpacking /home/yellow/ti/ti-cgt-c6000_8.1.3/include/numeric
Unpacking /home/yellow/ti/ti-cgt-c6000_8.1.3/include/s__alloc.h
Unpacking /home/yellow/ti/ti-cgt-c6000_8.1.3/include/s__ostream.h
Unpacking /home/yellow/ti/ti-cgt-c6000_8.1.3/include/s__cstddef.h
Unpacking /home/yellow/ti/ti-cgt-c6000_8.1.3/include/gsm.h
Unpacking /home/yellow/ti/ti-cgt-c6000_8.1.3/include/s__sstream.c
Unpacking /home/yellow/ti/ti-cgt-c6000_8.1.3/include/deque
Unpacking /home/yellow/ti/ti-cgt-c6000_8.1.3/include/s__construct.h
Unpacking /home/yellow/ti/ti-cgt-c6000_8.1.3/include/s__string_io.c
Unpacking /home/yellow/ti/ti-cgt-c6000_8.1.3/include/s__cwchar.h
Unpacking /home/yellow/ti/ti-cgt-c6000_8.1.3/include/s__monetary.c
Unpacking /home/yellow/ti/ti-cgt-c6000_8.1.3/include/iomanip
Unpacking /home/yellow/ti/ti-cgt-c6000_8.1.3/include/e_exception
Unpacking /home/yellow/ti/ti-cgt-c6000_8.1.3/include/c6x_vec.h
Unpacking /home/yellow/ti/ti-cgt-c6000_8.1.3/include/s__range_errors.c
Unpacking /home/yellow/ti/ti-cgt-c6000_8.1.3/include/s__string.c
Unpacking /home/yellow/ti/ti-cgt-c6000_8.1.3/include/s__algobase.c
Unpacking /home/yellow/ti/ti-cgt-c6000_8.1.3/include/s__csetjmp.h
Unpacking /home/yellow/ti/ti-cgt-c6000_8.1.3/include/s__vector.h
Unpacking /home/yellow/ti/ti-cgt-c6000_8.1.3/include/s__pthread_alloc.h
Unpacking /home/yellow/ti/ti-cgt-c6000_8.1.3/include/cstddef
Unpacking /home/yellow/ti/ti-cgt-c6000_8.1.3/include/s__cstdlib.h
Unpacking /home/yellow/ti/ti-cgt-c6000_8.1.3/include/_isfuncdcl.h
Unpacking /home/yellow/ti/ti-cgt-c6000_8.1.3/include/s__ptrs_specialize.h
Unpacking /home/yellow/ti/ti-cgt-c6000_8.1.3/include/_reg_synch_api.h
Unpacking /home/yellow/ti/ti-cgt-c6000_8.1.3/include/s__algobase.h
Unpacking /home/yellow/ti/ti-cgt-c6000_8.1.3/include/list
Unpacking /home/yellow/ti/ti-cgt-c6000_8.1.3/include/cassert
Unpacking /home/yellow/ti/ti-cgt-c6000_8.1.3/include/s_type_traits.h
Unpacking /home/yellow/ti/ti-cgt-c6000_8.1.3/include/s__complex.h
Unpacking /home/yellow/ti/ti-cgt-c6000_8.1.3/include/s__locale.h
Unpacking /home/yellow/ti/ti-cgt-c6000_8.1.3/include/stdint.h
Unpacking /home/yellow/ti/ti-cgt-c6000_8.1.3/include/s__vector.c
Unpacking /home/yellow/ti/ti-cgt-c6000_8.1.3/include/s__iomanip.h
Unpacking /home/yellow/ti/ti-cgt-c6000_8.1.3/include/s__streambuf.c
Unpacking /home/yellow/ti/ti-cgt-c6000_8.1.3/include/s__bitset.c
Unpacking /home/yellow/ti/ti-cgt-c6000_8.1.3/include/s__tempbuf.h
Unpacking /home/yellow/ti/ti-cgt-c6000_8.1.3/include/s__facets_fwd.h
Unpacking /home/yellow/ti/ti-cgt-c6000_8.1.3/include/s__cstring.h
Unpacking /home/yellow/ti/ti-cgt-c6000_8.1.3/include/s__messages_facets.h
Unpacking /home/yellow/ti/ti-cgt-c6000_8.1.3/include/s__ioserr.h
Unpacking /home/yellow/ti/ti-cgt-c6000_8.1.3/include/s__ctype.h
Unpacking /home/yellow/ti/ti-cgt-c6000_8.1.3/include/s__prolog.h
Unpacking /home/yellow/ti/ti-cgt-c6000_8.1.3/include/functional
Unpacking /home/yellow/ti/ti-cgt-c6000_8.1.3/include/s__relops_cont.h
Unpacking /home/yellow/ti/ti-cgt-c6000_8.1.3/include/_tls.h
Unpacking /home/yellow/ti/ti-cgt-c6000_8.1.3/include/s__tree.h
Unpacking /home/yellow/ti/ti-cgt-c6000_8.1.3/include/_lock.h
Unpacking /home/yellow/ti/ti-cgt-c6000_8.1.3/include/s__stream_iterator.h
Unpacking /home/yellow/ti/ti-cgt-c6000_8.1.3/include/s__tempbuf.c
Unpacking /home/yellow/ti/ti-cgt-c6000_8.1.3/include/s_boost_type_traits.h
Unpacking /home/yellow/ti/ti-cgt-c6000_8.1.3/include/stdio.h
Unpacking /home/yellow/ti/ti-cgt-c6000_8.1.3/include/setjmp.h
Unpacking /home/yellow/ti/ti-cgt-c6000_8.1.3/include/s__string_base.h
Unpacking /home/yellow/ti/ti-cgt-c6000_8.1.3/include/s__hash_fun.h
Unpacking /home/yellow/ti/ti-cgt-c6000_8.1.3/include/s_p__tools.h
Unpacking /home/yellow/ti/ti-cgt-c6000_8.1.3/include/s__rope.c
Unpacking /home/yellow/ti/ti-cgt-c6000_8.1.3/include/s_c__ti.h
Unpacking /home/yellow/ti/ti-cgt-c6000_8.1.3/include/s__heap.h
Unpacking /home/yellow/ti/ti-cgt-c6000_8.1.3/include/stdarg.h
Unpacking /home/yellow/ti/ti-cgt-c6000_8.1.3/include/s_c_user_config.h
Unpacking /home/yellow/ti/ti-cgt-c6000_8.1.3/include/s__valarray.h
Unpacking /home/yellow/ti/ti-cgt-c6000_8.1.3/include/math.h
Unpacking /home/yellow/ti/ti-cgt-c6000_8.1.3/include/_fmt_specifier.h
Unpacking /home/yellow/ti/ti-cgt-c6000_8.1.3/include/s_p__slist.h
Unpacking /home/yellow/ti/ti-cgt-c6000_8.1.3/include/s__hash_map.h
Unpacking /home/yellow/ti/ti-cgt-c6000_8.1.3/include/_reg_mutex_api.h
Unpacking /home/yellow/ti/ti-cgt-c6000_8.1.3/include/s__queue.h
Unpacking /home/yellow/ti/ti-cgt-c6000_8.1.3/include/errno.h
Unpacking /home/yellow/ti/ti-cgt-c6000_8.1.3/include/_data_synch.h
Unpacking /home/yellow/ti/ti-cgt-c6000_8.1.3/include/limits
Unpacking /home/yellow/ti/ti-cgt-c6000_8.1.3/include/s__algo.c
Unpacking /home/yellow/ti/ti-cgt-c6000_8.1.3/include/locale.h
Unpacking /home/yellow/ti/ti-cgt-c6000_8.1.3/include/s_p__deque.h
Unpacking /home/yellow/ti/ti-cgt-c6000_8.1.3/include/s__list.c
Unpacking /home/yellow/ti/ti-cgt-c6000_8.1.3/include/s__set.h
Unpacking /home/yellow/ti/ti-cgt-c6000_8.1.3/include/cpp_inline_math.h
Unpacking /home/yellow/ti/ti-cgt-c6000_8.1.3/include/s_type_manips.h
Unpacking /home/yellow/ti/ti-cgt-c6000_8.1.3/include/s__clocale.h
Unpacking /home/yellow/ti/ti-cgt-c6000_8.1.3/include/s__ostreambuf_iterator.h
Unpacking /home/yellow/ti/ti-cgt-c6000_8.1.3/include/s__iostream_string.h
Unpacking /home/yellow/ti/ti-cgt-c6000_8.1.3/include/_mutex.h
Unpacking /home/yellow/ti/ti-cgt-c6000_8.1.3/include/s__time_facets.c
Unpacking /home/yellow/ti/ti-cgt-c6000_8.1.3/include/s_c__epilog.h
Unpacking /home/yellow/ti/ti-cgt-c6000_8.1.3/include/s__istreambuf_iterator.h
Unpacking /home/yellow/ti/ti-cgt-c6000_8.1.3/include/s__auto_ptr.h
Unpacking /home/yellow/ti/ti-cgt-c6000_8.1.3/include/s_c__system.h
Unpacking /home/yellow/ti/ti-cgt-c6000_8.1.3/include/cctype
Unpacking /home/yellow/ti/ti-cgt-c6000_8.1.3/include/s__ostream.c
Unpacking /home/yellow/ti/ti-cgt-c6000_8.1.3/include/s_p__vector.h
Unpacking /home/yellow/ti/ti-cgt-c6000_8.1.3/include/s__numeric.c
Unpacking /home/yellow/ti/ti-cgt-c6000_8.1.3/include/ostream
Unpacking /home/yellow/ti/ti-cgt-c6000_8.1.3/doc/SPRAB89A.pdf
Unpacking /home/yellow/ti/ti-cgt-c6000_8.1.3/doc/README_docs.txt
Unpacking /home/yellow/ti/ti-cgt-c6000_8.1.3/doc/SPRU187V.pdf
Unpacking /home/yellow/ti/ti-cgt-c6000_8.1.3/doc/SPRAB90.pdf
Unpacking /home/yellow/ti/ti-cgt-c6000_8.1.3/doc/SPRU186X.pdf
Unpacking /home/yellow/ti/ti-cgt-c6000_8.1.3/bin/dis6x
Unpacking /home/yellow/ti/ti-cgt-c6000_8.1.3/bin/omps2s6x
Unpacking /home/yellow/ti/ti-cgt-c6000_8.1.3/bin/ci6x
Unpacking /home/yellow/ti/ti-cgt-c6000_8.1.3/bin/libinfo6x
Unpacking /home/yellow/ti/ti-cgt-c6000_8.1.3/bin/acp6x
Unpacking /home/yellow/ti/ti-cgt-c6000_8.1.3/bin/asm6x
Unpacking /home/yellow/ti/ti-cgt-c6000_8.1.3/bin/hex6x
Unpacking /home/yellow/ti/ti-cgt-c6000_8.1.3/bin/clist6x
Unpacking /home/yellow/ti/ti-cgt-c6000_8.1.3/bin/pdd6x
Unpacking /home/yellow/ti/ti-cgt-c6000_8.1.3/bin/opt6x
Unpacking /home/yellow/ti/ti-cgt-c6000_8.1.3/bin/embed6x
Unpacking /home/yellow/ti/ti-cgt-c6000_8.1.3/bin/lnk6x
Unpacking /home/yellow/ti/ti-cgt-c6000_8.1.3/bin/ap6x
Unpacking /home/yellow/ti/ti-cgt-c6000_8.1.3/bin/ofd6x
Unpacking /home/yellow/ti/ti-cgt-c6000_8.1.3/bin/acpia6x
Unpacking /home/yellow/ti/ti-cgt-c6000_8.1.3/lib/src/streambuf
Unpacking /home/yellow/ti/ti-cgt-c6000_8.1.3/lib/src/vector
Unpacking /home/yellow/ti/ti-cgt-c6000_8.1.3/lib/src/unordered_map
Unpacking /home/yellow/ti/ti-cgt-c6000_8.1.3/lib/src/typeinfo
Unpacking /home/yellow/ti/ti-cgt-c6000_8.1.3/lib/src/slist
Unpacking /home/yellow/ti/ti-cgt-c6000_8.1.3/lib/src/pthread_alloc
Unpacking /home/yellow/ti/ti-cgt-c6000_8.1.3/lib/src/utility
Unpacking /home/yellow/ti/ti-cgt-c6000_8.1.3/lib/src/set
Unpacking /home/yellow/ti/ti-cgt-c6000_8.1.3/lib/src/type_traits
Unpacking /home/yellow/ti/ti-cgt-c6000_8.1.3/lib/src/stack
Unpacking /home/yellow/ti/ti-cgt-c6000_8.1.3/lib/src/queue
Unpacking /home/yellow/ti/ti-cgt-c6000_8.1.3/lib/src/unordered_set
Unpacking /home/yellow/ti/ti-cgt-c6000_8.1.3/lib/src/stdexcept
Unpacking /home/yellow/ti/ti-cgt-c6000_8.1.3/lib/src/valarray
Unpacking /home/yellow/ti/ti-cgt-c6000_8.1.3/lib/src/string
Unpacking /home/yellow/ti/ti-cgt-c6000_8.1.3/lib/src/rope
Unpacking /home/yellow/ti/ti-cgt-c6000_8.1.3/lib/src/sstream
Unpacking /home/yellow/ti/ti-cgt-c6000_8.1.3/lib/src/strstream
Unpacking /home/yellow/ti/ti-cgt-c6000_8.1.3/include/streambuf
Unpacking /home/yellow/ti/ti-cgt-c6000_8.1.3/include/vector
Unpacking /home/yellow/ti/ti-cgt-c6000_8.1.3/include/unordered_map
Unpacking /home/yellow/ti/ti-cgt-c6000_8.1.3/include/typeinfo
Unpacking /home/yellow/ti/ti-cgt-c6000_8.1.3/include/slist
Unpacking /home/yellow/ti/ti-cgt-c6000_8.1.3/include/pthread_alloc
Unpacking /home/yellow/ti/ti-cgt-c6000_8.1.3/include/utility
Unpacking /home/yellow/ti/ti-cgt-c6000_8.1.3/include/set
Unpacking /home/yellow/ti/ti-cgt-c6000_8.1.3/include/type_traits
Unpacking /home/yellow/ti/ti-cgt-c6000_8.1.3/include/stack
Unpacking /home/yellow/ti/ti-cgt-c6000_8.1.3/include/queue
Unpacking /home/yellow/ti/ti-cgt-c6000_8.1.3/include/unordered_set
Unpacking /home/yellow/ti/ti-cgt-c6000_8.1.3/include/stdexcept
Unpacking /home/yellow/ti/ti-cgt-c6000_8.1.3/include/valarray
Unpacking /home/yellow/ti/ti-cgt-c6000_8.1.3/include/string
Unpacking /home/yellow/ti/ti-cgt-c6000_8.1.3/include/rope
Unpacking /home/yellow/ti/ti-cgt-c6000_8.1.3/include/sstream
Unpacking /home/yellow/ti/ti-cgt-c6000_8.1.3/include/strstream
Unpacking /home/yellow/ti/ti-cgt-c6000_8.1.3/bin/pprof6x
Unpacking /home/yellow/ti/ti-cgt-c6000_8.1.3/bin/ap6x3
Unpacking /home/yellow/ti/ti-cgt-c6000_8.1.3/bin/dem6x
Unpacking /home/yellow/ti/ti-cgt-c6000_8.1.3/bin/ilk6x
Unpacking /home/yellow/ti/ti-cgt-c6000_8.1.3/bin/nm6x
Unpacking /home/yellow/ti/ti-cgt-c6000_8.1.3/bin/ar6x
Unpacking /home/yellow/ti/ti-cgt-c6000_8.1.3/bin/prelink6x
Unpacking /home/yellow/ti/ti-cgt-c6000_8.1.3/bin/abs6x
Unpacking /home/yellow/ti/ti-cgt-c6000_8.1.3/bin/cmp6x
Unpacking /home/yellow/ti/ti-cgt-c6000_8.1.3/bin/cg6x3
Unpacking /home/yellow/ti/ti-cgt-c6000_8.1.3/bin/clt6x
Unpacking /home/yellow/ti/ti-cgt-c6000_8.1.3/bin/cg6x
Unpacking /home/yellow/ti/ti-cgt-c6000_8.1.3/bin/cl6x
Unpacking /home/yellow/ti/ti-cgt-c6000_8.1.3/bin/acpll6x
Unpacking /home/yellow/ti/ti-cgt-c6000_8.1.3/bin/xref6x
Unpacking /home/yellow/ti/ti-cgt-c6000_8.1.3/bin/strip6x
Creating Uninstaller
Creating uninstaller 25%
Creating uninstaller 50%
Creating uninstaller 75%
Creating uninstaller 100%
Installation completed
Log finished 06/19/2018 at 22:37:55
